Classic Timing Analyzer report for Moore_Machine
Mon Oct 23 05:33:45 2017
Quartus II Version 9.1 Build 222 10/21/2009 SJ Web Edition


---------------------
; Table of Contents ;
---------------------
  1. Legal Notice
  2. Timing Analyzer Summary
  3. Timing Analyzer Settings
  4. Clock Settings Summary
  5. Parallel Compilation
  6. Clock Setup: 'clk'
  7. tsu
  8. tco
  9. th
 10. Timing Analyzer Messages



----------------
; Legal Notice ;
----------------
Copyright (C) 1991-2009 Altera Corporation
Your use of Altera Corporation's design tools, logic functions 
and other software and tools, and its AMPP partner logic 
functions, and any output files from any of the foregoing 
(including device programming or simulation files), and any 
associated documentation or information are expressly subject 
to the terms and conditions of the Altera Program License 
Subscription Agreement, Altera MegaCore Function License 
Agreement, or other applicable license agreement, including, 
without limitation, that your use is for the sole purpose of 
programming logic devices manufactured by Altera and sold by 
Altera or its authorized distributors.  Please refer to the 
applicable agreement for further details.



+--------------------------------------------------------------------------------------------------------------------------------------------------------------------+
; Timing Analyzer Summary                                                                                                                                            ;
+------------------------------+-------+---------------+------------------------------------------------+----------+----------+------------+----------+--------------+
; Type                         ; Slack ; Required Time ; Actual Time                                    ; From     ; To       ; From Clock ; To Clock ; Failed Paths ;
+------------------------------+-------+---------------+------------------------------------------------+----------+----------+------------+----------+--------------+
; Worst-case tsu               ; N/A   ; None          ; 3.750 ns                                       ; in       ; state.S1 ; --         ; clk      ; 0            ;
; Worst-case tco               ; N/A   ; None          ; 5.041 ns                                       ; state.S3 ; out      ; clk        ; --       ; 0            ;
; Worst-case th                ; N/A   ; None          ; -3.386 ns                                      ; in       ; state.S2 ; --         ; clk      ; 0            ;
; Clock Setup: 'clk'           ; N/A   ; None          ; Restricted to 500.00 MHz ( period = 2.000 ns ) ; state.S1 ; state.S0 ; clk        ; clk      ; 0            ;
; Total number of failed paths ;       ;               ;                                                ;          ;          ;            ;          ; 0            ;
+------------------------------+-------+---------------+------------------------------------------------+----------+----------+------------+----------+--------------+


+-----------------------------------------------------------------------------------------------------------------------------------------------------+
; Timing Analyzer Settings                                                                                                                            ;
+------------------------------------------------------------------------------------------------------+--------------------+------+----+-------------+
; Option                                                                                               ; Setting            ; From ; To ; Entity Name ;
+------------------------------------------------------------------------------------------------------+--------------------+------+----+-------------+
; Device Name                                                                                          ; EP2S15F484C3       ;      ;    ;             ;
; Timing Models                                                                                        ; Final              ;      ;    ;             ;
; Default hold multicycle                                                                              ; Same as Multicycle ;      ;    ;             ;
; Cut paths between unrelated clock domains                                                            ; On                 ;      ;    ;             ;
; Cut off read during write signal paths                                                               ; On                 ;      ;    ;             ;
; Cut off feedback from I/O pins                                                                       ; On                 ;      ;    ;             ;
; Report Combined Fast/Slow Timing                                                                     ; Off                ;      ;    ;             ;
; Ignore Clock Settings                                                                                ; Off                ;      ;    ;             ;
; Analyze latches as synchronous elements                                                              ; On                 ;      ;    ;             ;
; Enable Recovery/Removal analysis                                                                     ; Off                ;      ;    ;             ;
; Enable Clock Latency                                                                                 ; Off                ;      ;    ;             ;
; Use TimeQuest Timing Analyzer                                                                        ; Off                ;      ;    ;             ;
; Number of source nodes to report per destination node                                                ; 10                 ;      ;    ;             ;
; Number of destination nodes to report                                                                ; 10                 ;      ;    ;             ;
; Number of paths to report                                                                            ; 200                ;      ;    ;             ;
; Report Minimum Timing Checks                                                                         ; Off                ;      ;    ;             ;
; Use Fast Timing Models                                                                               ; Off                ;      ;    ;             ;
; Report IO Paths Separately                                                                           ; Off                ;      ;    ;             ;
; Perform Multicorner Analysis                                                                         ; On                 ;      ;    ;             ;
; Reports the worst-case path for each clock domain and analysis                                       ; Off                ;      ;    ;             ;
; Reports worst-case timing paths for each clock domain and analysis                                   ; Off                ;      ;    ;             ;
; Specifies the maximum number of worst-case timing paths to report for each clock domain and analysis ; 100                ;      ;    ;             ;
; Removes common clock path pessimism (CCPP) during slack computation                                  ; Off                ;      ;    ;             ;
; Output I/O Timing Endpoint                                                                           ; Near End           ;      ;    ;             ;
+------------------------------------------------------------------------------------------------------+--------------------+------+----+-------------+


+------------------------------------------------------------------------------------------------------------------------------------------------------------------------------------+
; Clock Settings Summary                                                                                                                                                             ;
+-----------------+--------------------+----------+------------------+---------------+--------------+----------+-----------------------+---------------------+--------+--------------+
; Clock Node Name ; Clock Setting Name ; Type     ; Fmax Requirement ; Early Latency ; Late Latency ; Based on ; Multiply Base Fmax by ; Divide Base Fmax by ; Offset ; Phase offset ;
+-----------------+--------------------+----------+------------------+---------------+--------------+----------+-----------------------+---------------------+--------+--------------+
; clk             ;                    ; User Pin ; None             ; 0.000 ns      ; 0.000 ns     ; --       ; N/A                   ; N/A                 ; N/A    ;              ;
+-----------------+--------------------+----------+------------------+---------------+--------------+----------+-----------------------+---------------------+--------+--------------+


Parallel compilation was disabled, but you have multiple processors available. Enable parallel compilation to reduce compilation time.
+-------------------------------------+
; Parallel Compilation                ;
+----------------------------+--------+
; Processors                 ; Number ;
+----------------------------+--------+
; Number detected on machine ; 2      ;
; Maximum allowed            ; 1      ;
+----------------------------+--------+


+------------------------------------------------------------------------------------------------------------------------------------------------------------------------------------------+
; Clock Setup: 'clk'                                                                                                                                                                       ;
+-------+------------------------------------------------+----------+----------+------------+----------+-----------------------------+---------------------------+-------------------------+
; Slack ; Actual fmax (period)                           ; From     ; To       ; From Clock ; To Clock ; Required Setup Relationship ; Required Longest P2P Time ; Actual Longest P2P Time ;
+-------+------------------------------------------------+----------+----------+------------+----------+-----------------------------+---------------------------+-------------------------+
; N/A   ; Restricted to 500.00 MHz ( period = 2.000 ns ) ; state.S1 ; state.S0 ; clk        ; clk      ; None                        ; None                      ; 0.516 ns                ;
; N/A   ; Restricted to 500.00 MHz ( period = 2.000 ns ) ; state.S3 ; state.S0 ; clk        ; clk      ; None                        ; None                      ; 0.420 ns                ;
; N/A   ; Restricted to 500.00 MHz ( period = 2.000 ns ) ; state.S2 ; state.S1 ; clk        ; clk      ; None                        ; None                      ; 0.419 ns                ;
; N/A   ; Restricted to 500.00 MHz ( period = 2.000 ns ) ; state.S2 ; state.S3 ; clk        ; clk      ; None                        ; None                      ; 0.415 ns                ;
; N/A   ; Restricted to 500.00 MHz ( period = 2.000 ns ) ; state.S0 ; state.S2 ; clk        ; clk      ; None                        ; None                      ; 0.410 ns                ;
; N/A   ; Restricted to 500.00 MHz ( period = 2.000 ns ) ; state.S2 ; state.S2 ; clk        ; clk      ; None                        ; None                      ; 0.396 ns                ;
+-------+------------------------------------------------+----------+----------+------------+----------+-----------------------------+---------------------------+-------------------------+


+----------------------------------------------------------------+
; tsu                                                            ;
+-------+--------------+------------+------+----------+----------+
; Slack ; Required tsu ; Actual tsu ; From ; To       ; To Clock ;
+-------+--------------+------------+------+----------+----------+
; N/A   ; None         ; 3.750 ns   ; in   ; state.S0 ; clk      ;
; N/A   ; None         ; 3.750 ns   ; in   ; state.S1 ; clk      ;
; N/A   ; None         ; 3.625 ns   ; in   ; state.S3 ; clk      ;
; N/A   ; None         ; 3.625 ns   ; in   ; state.S2 ; clk      ;
+-------+--------------+------------+------+----------+----------+


+-----------------------------------------------------------------+
; tco                                                             ;
+-------+--------------+------------+----------+-----+------------+
; Slack ; Required tco ; Actual tco ; From     ; To  ; From Clock ;
+-------+--------------+------------+----------+-----+------------+
; N/A   ; None         ; 5.041 ns   ; state.S3 ; out ; clk        ;
+-------+--------------+------------+----------+-----+------------+


+----------------------------------------------------------------------+
; th                                                                   ;
+---------------+-------------+-----------+------+----------+----------+
; Minimum Slack ; Required th ; Actual th ; From ; To       ; To Clock ;
+---------------+-------------+-----------+------+----------+----------+
; N/A           ; None        ; -3.386 ns ; in   ; state.S3 ; clk      ;
; N/A           ; None        ; -3.386 ns ; in   ; state.S2 ; clk      ;
; N/A           ; None        ; -3.511 ns ; in   ; state.S0 ; clk      ;
; N/A           ; None        ; -3.511 ns ; in   ; state.S1 ; clk      ;
+---------------+-------------+-----------+------+----------+----------+


+--------------------------+
; Timing Analyzer Messages ;
+--------------------------+
Info: *******************************************************************
Info: Running Quartus II Classic Timing Analyzer
    Info: Version 9.1 Build 222 10/21/2009 SJ Web Edition
    Info: Processing started: Mon Oct 23 05:33:45 2017
Info: Command: quartus_tan --read_settings_files=off --write_settings_files=off Moore_Machine -c Moore_Machine --timing_analysis_only
Warning: Found pins functioning as undefined clocks and/or memory enables
    Info: Assuming node "clk" is an undefined clock
Info: Clock "clk" Internal fmax is restricted to 500.0 MHz between source register "state.S1" and destination register "state.S0"
    Info: fmax restricted to clock pin edge rate 2.0 ns. Expand message to see actual delay path.
        Info: + Longest register to register delay is 0.516 ns
            Info: 1: + IC(0.000 ns) + CELL(0.000 ns) = 0.000 ns; Loc. = LCFF_X6_Y2_N29; Fanout = 1; REG Node = 'state.S1'
            Info: 2: + IC(0.207 ns) + CELL(0.154 ns) = 0.361 ns; Loc. = LCCOMB_X6_Y2_N26; Fanout = 1; COMB Node = 'Selector0~0'
            Info: 3: + IC(0.000 ns) + CELL(0.155 ns) = 0.516 ns; Loc. = LCFF_X6_Y2_N27; Fanout = 1; REG Node = 'state.S0'
            Info: Total cell delay = 0.309 ns ( 59.88 % )
            Info: Total interconnect delay = 0.207 ns ( 40.12 % )
        Info: - Smallest clock skew is 0.000 ns
            Info: + Shortest clock path from clock "clk" to destination register is 2.490 ns
                Info: 1: + IC(0.000 ns) + CELL(0.854 ns) = 0.854 ns; Loc. = PIN_N20; Fanout = 1; CLK Node = 'clk'
                Info: 2: + IC(0.343 ns) + CELL(0.000 ns) = 1.197 ns; Loc. = CLKCTRL_G3; Fanout = 4; COMB Node = 'clk~clkctrl'
                Info: 3: + IC(0.675 ns) + CELL(0.618 ns) = 2.490 ns; Loc. = LCFF_X6_Y2_N27; Fanout = 1; REG Node = 'state.S0'
                Info: Total cell delay = 1.472 ns ( 59.12 % )
                Info: Total interconnect delay = 1.018 ns ( 40.88 % )
            Info: - Longest clock path from clock "clk" to source register is 2.490 ns
                Info: 1: + IC(0.000 ns) + CELL(0.854 ns) = 0.854 ns; Loc. = PIN_N20; Fanout = 1; CLK Node = 'clk'
                Info: 2: + IC(0.343 ns) + CELL(0.000 ns) = 1.197 ns; Loc. = CLKCTRL_G3; Fanout = 4; COMB Node = 'clk~clkctrl'
                Info: 3: + IC(0.675 ns) + CELL(0.618 ns) = 2.490 ns; Loc. = LCFF_X6_Y2_N29; Fanout = 1; REG Node = 'state.S1'
                Info: Total cell delay = 1.472 ns ( 59.12 % )
                Info: Total interconnect delay = 1.018 ns ( 40.88 % )
        Info: + Micro clock to output delay of source is 0.094 ns
        Info: + Micro setup delay of destination is 0.090 ns
Info: tsu for register "state.S0" (data pin = "in", clock pin = "clk") is 3.750 ns
    Info: + Longest pin to register delay is 6.150 ns
        Info: 1: + IC(0.000 ns) + CELL(0.780 ns) = 0.780 ns; Loc. = PIN_P8; Fanout = 4; PIN Node = 'in'
        Info: 2: + IC(4.837 ns) + CELL(0.378 ns) = 5.995 ns; Loc. = LCCOMB_X6_Y2_N26; Fanout = 1; COMB Node = 'Selector0~0'
        Info: 3: + IC(0.000 ns) + CELL(0.155 ns) = 6.150 ns; Loc. = LCFF_X6_Y2_N27; Fanout = 1; REG Node = 'state.S0'
        Info: Total cell delay = 1.313 ns ( 21.35 % )
        Info: Total interconnect delay = 4.837 ns ( 78.65 % )
    Info: + Micro setup delay of destination is 0.090 ns
    Info: - Shortest clock path from clock "clk" to destination register is 2.490 ns
        Info: 1: + IC(0.000 ns) + CELL(0.854 ns) = 0.854 ns; Loc. = PIN_N20; Fanout = 1; CLK Node = 'clk'
        Info: 2: + IC(0.343 ns) + CELL(0.000 ns) = 1.197 ns; Loc. = CLKCTRL_G3; Fanout = 4; COMB Node = 'clk~clkctrl'
        Info: 3: + IC(0.675 ns) + CELL(0.618 ns) = 2.490 ns; Loc. = LCFF_X6_Y2_N27; Fanout = 1; REG Node = 'state.S0'
        Info: Total cell delay = 1.472 ns ( 59.12 % )
        Info: Total interconnect delay = 1.018 ns ( 40.88 % )
Info: tco from clock "clk" to destination pin "out" through register "state.S3" is 5.041 ns
    Info: + Longest clock path from clock "clk" to source register is 2.490 ns
        Info: 1: + IC(0.000 ns) + CELL(0.854 ns) = 0.854 ns; Loc. = PIN_N20; Fanout = 1; CLK Node = 'clk'
        Info: 2: + IC(0.343 ns) + CELL(0.000 ns) = 1.197 ns; Loc. = CLKCTRL_G3; Fanout = 4; COMB Node = 'clk~clkctrl'
        Info: 3: + IC(0.675 ns) + CELL(0.618 ns) = 2.490 ns; Loc. = LCFF_X6_Y2_N1; Fanout = 2; REG Node = 'state.S3'
        Info: Total cell delay = 1.472 ns ( 59.12 % )
        Info: Total interconnect delay = 1.018 ns ( 40.88 % )
    Info: + Micro clock to output delay of source is 0.094 ns
    Info: + Longest register to pin delay is 2.457 ns
        Info: 1: + IC(0.000 ns) + CELL(0.000 ns) = 0.000 ns; Loc. = LCFF_X6_Y2_N1; Fanout = 2; REG Node = 'state.S3'
        Info: 2: + IC(0.525 ns) + CELL(1.932 ns) = 2.457 ns; Loc. = PIN_R14; Fanout = 0; PIN Node = 'out'
        Info: Total cell delay = 1.932 ns ( 78.63 % )
        Info: Total interconnect delay = 0.525 ns ( 21.37 % )
Info: th for register "state.S3" (data pin = "in", clock pin = "clk") is -3.386 ns
    Info: + Longest clock path from clock "clk" to destination register is 2.490 ns
        Info: 1: + IC(0.000 ns) + CELL(0.854 ns) = 0.854 ns; Loc. = PIN_N20; Fanout = 1; CLK Node = 'clk'
        Info: 2: + IC(0.343 ns) + CELL(0.000 ns) = 1.197 ns; Loc. = CLKCTRL_G3; Fanout = 4; COMB Node = 'clk~clkctrl'
        Info: 3: + IC(0.675 ns) + CELL(0.618 ns) = 2.490 ns; Loc. = LCFF_X6_Y2_N1; Fanout = 2; REG Node = 'state.S3'
        Info: Total cell delay = 1.472 ns ( 59.12 % )
        Info: Total interconnect delay = 1.018 ns ( 40.88 % )
    Info: + Micro hold delay of destination is 0.149 ns
    Info: - Shortest pin to register delay is 6.025 ns
        Info: 1: + IC(0.000 ns) + CELL(0.780 ns) = 0.780 ns; Loc. = PIN_P8; Fanout = 4; PIN Node = 'in'
        Info: 2: + IC(4.818 ns) + CELL(0.272 ns) = 5.870 ns; Loc. = LCCOMB_X6_Y2_N0; Fanout = 1; COMB Node = 'nxt_state.S3~0'
        Info: 3: + IC(0.000 ns) + CELL(0.155 ns) = 6.025 ns; Loc. = LCFF_X6_Y2_N1; Fanout = 2; REG Node = 'state.S3'
        Info: Total cell delay = 1.207 ns ( 20.03 % )
        Info: Total interconnect delay = 4.818 ns ( 79.97 % )
Info: Quartus II Classic Timing Analyzer was successful. 0 errors, 1 warning
    Info: Peak virtual memory: 194 megabytes
    Info: Processing ended: Mon Oct 23 05:33:45 2017
    Info: Elapsed time: 00:00:00
    Info: Total CPU time (on all processors): 00:00:00


