Classic Timing Analyzer report for D_FlipFlop
Wed Sep 27 03:56:12 2017
Quartus II Version 9.1 Build 222 10/21/2009 SJ Web Edition


---------------------
; Table of Contents ;
---------------------
  1. Legal Notice
  2. Timing Analyzer Summary
  3. Timing Analyzer Settings
  4. Clock Settings Summary
  5. Parallel Compilation
  6. tsu
  7. tco
  8. th
  9. Timing Analyzer Messages



----------------
; Legal Notice ;
----------------
Copyright (C) 1991-2009 Altera Corporation
Your use of Altera Corporation's design tools, logic functions 
and other software and tools, and its AMPP partner logic 
functions, and any output files from any of the foregoing 
(including device programming or simulation files), and any 
associated documentation or information are expressly subject 
to the terms and conditions of the Altera Program License 
Subscription Agreement, Altera MegaCore Function License 
Agreement, or other applicable license agreement, including, 
without limitation, that your use is for the sole purpose of 
programming logic devices manufactured by Altera and sold by 
Altera or its authorized distributors.  Please refer to the 
applicable agreement for further details.



+-----------------------------------------------------------------------------------------------------------------------------+
; Timing Analyzer Summary                                                                                                     ;
+------------------------------+-------+---------------+-------------+--------+--------+------------+----------+--------------+
; Type                         ; Slack ; Required Time ; Actual Time ; From   ; To     ; From Clock ; To Clock ; Failed Paths ;
+------------------------------+-------+---------------+-------------+--------+--------+------------+----------+--------------+
; Worst-case tsu               ; N/A   ; None          ; -0.322 ns   ; D      ; Q~reg0 ; --         ; clk      ; 0            ;
; Worst-case tco               ; N/A   ; None          ; 6.012 ns    ; Q~reg0 ; Q      ; clk        ; --       ; 0            ;
; Worst-case th                ; N/A   ; None          ; 0.552 ns    ; D      ; Q~reg0 ; --         ; clk      ; 0            ;
; Total number of failed paths ;       ;               ;             ;        ;        ;            ;          ; 0            ;
+------------------------------+-------+---------------+-------------+--------+--------+------------+----------+--------------+


+-----------------------------------------------------------------------------------------------------------------------------------------------------+
; Timing Analyzer Settings                                                                                                                            ;
+------------------------------------------------------------------------------------------------------+--------------------+------+----+-------------+
; Option                                                                                               ; Setting            ; From ; To ; Entity Name ;
+------------------------------------------------------------------------------------------------------+--------------------+------+----+-------------+
; Device Name                                                                                          ; EP2C70F896C6       ;      ;    ;             ;
; Timing Models                                                                                        ; Final              ;      ;    ;             ;
; Default hold multicycle                                                                              ; Same as Multicycle ;      ;    ;             ;
; Cut paths between unrelated clock domains                                                            ; On                 ;      ;    ;             ;
; Cut off read during write signal paths                                                               ; On                 ;      ;    ;             ;
; Cut off feedback from I/O pins                                                                       ; On                 ;      ;    ;             ;
; Report Combined Fast/Slow Timing                                                                     ; Off                ;      ;    ;             ;
; Ignore Clock Settings                                                                                ; Off                ;      ;    ;             ;
; Analyze latches as synchronous elements                                                              ; On                 ;      ;    ;             ;
; Enable Recovery/Removal analysis                                                                     ; Off                ;      ;    ;             ;
; Enable Clock Latency                                                                                 ; Off                ;      ;    ;             ;
; Use TimeQuest Timing Analyzer                                                                        ; Off                ;      ;    ;             ;
; Minimum Core Junction Temperature                                                                    ; 0                  ;      ;    ;             ;
; Maximum Core Junction Temperature                                                                    ; 85                 ;      ;    ;             ;
; Number of source nodes to report per destination node                                                ; 10                 ;      ;    ;             ;
; Number of destination nodes to report                                                                ; 10                 ;      ;    ;             ;
; Number of paths to report                                                                            ; 200                ;      ;    ;             ;
; Report Minimum Timing Checks                                                                         ; Off                ;      ;    ;             ;
; Use Fast Timing Models                                                                               ; Off                ;      ;    ;             ;
; Report IO Paths Separately                                                                           ; Off                ;      ;    ;             ;
; Perform Multicorner Analysis                                                                         ; On                 ;      ;    ;             ;
; Reports the worst-case path for each clock domain and analysis                                       ; Off                ;      ;    ;             ;
; Reports worst-case timing paths for each clock domain and analysis                                   ; On                 ;      ;    ;             ;
; Specifies the maximum number of worst-case timing paths to report for each clock domain and analysis ; 100                ;      ;    ;             ;
; Removes common clock path pessimism (CCPP) during slack computation                                  ; Off                ;      ;    ;             ;
; Output I/O Timing Endpoint                                                                           ; Near End           ;      ;    ;             ;
+------------------------------------------------------------------------------------------------------+--------------------+------+----+-------------+


+------------------------------------------------------------------------------------------------------------------------------------------------------------------------------------+
; Clock Settings Summary                                                                                                                                                             ;
+-----------------+--------------------+----------+------------------+---------------+--------------+----------+-----------------------+---------------------+--------+--------------+
; Clock Node Name ; Clock Setting Name ; Type     ; Fmax Requirement ; Early Latency ; Late Latency ; Based on ; Multiply Base Fmax by ; Divide Base Fmax by ; Offset ; Phase offset ;
+-----------------+--------------------+----------+------------------+---------------+--------------+----------+-----------------------+---------------------+--------+--------------+
; clk             ;                    ; User Pin ; None             ; 0.000 ns      ; 0.000 ns     ; --       ; N/A                   ; N/A                 ; N/A    ;              ;
+-----------------+--------------------+----------+------------------+---------------+--------------+----------+-----------------------+---------------------+--------+--------------+


Parallel compilation was disabled, but you have multiple processors available. Enable parallel compilation to reduce compilation time.
+-------------------------------------+
; Parallel Compilation                ;
+----------------------------+--------+
; Processors                 ; Number ;
+----------------------------+--------+
; Number detected on machine ; 2      ;
; Maximum allowed            ; 1      ;
+----------------------------+--------+


+--------------------------------------------------------------+
; tsu                                                          ;
+-------+--------------+------------+------+--------+----------+
; Slack ; Required tsu ; Actual tsu ; From ; To     ; To Clock ;
+-------+--------------+------------+------+--------+----------+
; N/A   ; None         ; -0.322 ns  ; D    ; Q~reg0 ; clk      ;
+-------+--------------+------------+------+--------+----------+


+----------------------------------------------------------------+
; tco                                                            ;
+-------+--------------+------------+--------+------+------------+
; Slack ; Required tco ; Actual tco ; From   ; To   ; From Clock ;
+-------+--------------+------------+--------+------+------------+
; N/A   ; None         ; 6.012 ns   ; Q~reg0 ; Qbar ; clk        ;
; N/A   ; None         ; 6.012 ns   ; Q~reg0 ; Q    ; clk        ;
+-------+--------------+------------+--------+------+------------+


+--------------------------------------------------------------------+
; th                                                                 ;
+---------------+-------------+-----------+------+--------+----------+
; Minimum Slack ; Required th ; Actual th ; From ; To     ; To Clock ;
+---------------+-------------+-----------+------+--------+----------+
; N/A           ; None        ; 0.552 ns  ; D    ; Q~reg0 ; clk      ;
+---------------+-------------+-----------+------+--------+----------+


+--------------------------+
; Timing Analyzer Messages ;
+--------------------------+
Info: *******************************************************************
Info: Running Quartus II Classic Timing Analyzer
    Info: Version 9.1 Build 222 10/21/2009 SJ Web Edition
    Info: Processing started: Wed Sep 27 03:56:12 2017
Info: Command: quartus_tan --read_settings_files=off --write_settings_files=off D_FlipFlop -c D_FlipFlop --timing_analysis_only
Warning: Found pins functioning as undefined clocks and/or memory enables
    Info: Assuming node "clk" is an undefined clock
Info: No valid register-to-register data paths exist for clock "clk"
Info: tsu for register "Q~reg0" (data pin = "D", clock pin = "clk") is -0.322 ns
    Info: + Longest pin to register delay is 1.818 ns
        Info: 1: + IC(0.000 ns) + CELL(0.959 ns) = 0.959 ns; Loc. = PIN_G15; Fanout = 1; PIN Node = 'D'
        Info: 2: + IC(0.626 ns) + CELL(0.149 ns) = 1.734 ns; Loc. = LCCOMB_X48_Y50_N24; Fanout = 1; COMB Node = 'Q~reg0feeder'
        Info: 3: + IC(0.000 ns) + CELL(0.084 ns) = 1.818 ns; Loc. = LCFF_X48_Y50_N25; Fanout = 2; REG Node = 'Q~reg0'
        Info: Total cell delay = 1.192 ns ( 65.57 % )
        Info: Total interconnect delay = 0.626 ns ( 34.43 % )
    Info: + Micro setup delay of destination is -0.036 ns
    Info: - Shortest clock path from clock "clk" to destination register is 2.104 ns
        Info: 1: + IC(0.000 ns) + CELL(0.959 ns) = 0.959 ns; Loc. = PIN_H15; Fanout = 1; CLK Node = 'clk'
        Info: 2: + IC(0.608 ns) + CELL(0.537 ns) = 2.104 ns; Loc. = LCFF_X48_Y50_N25; Fanout = 2; REG Node = 'Q~reg0'
        Info: Total cell delay = 1.496 ns ( 71.10 % )
        Info: Total interconnect delay = 0.608 ns ( 28.90 % )
Info: tco from clock "clk" to destination pin "Qbar" through register "Q~reg0" is 6.012 ns
    Info: + Longest clock path from clock "clk" to source register is 2.104 ns
        Info: 1: + IC(0.000 ns) + CELL(0.959 ns) = 0.959 ns; Loc. = PIN_H15; Fanout = 1; CLK Node = 'clk'
        Info: 2: + IC(0.608 ns) + CELL(0.537 ns) = 2.104 ns; Loc. = LCFF_X48_Y50_N25; Fanout = 2; REG Node = 'Q~reg0'
        Info: Total cell delay = 1.496 ns ( 71.10 % )
        Info: Total interconnect delay = 0.608 ns ( 28.90 % )
    Info: + Micro clock to output delay of source is 0.250 ns
    Info: + Longest register to pin delay is 3.658 ns
        Info: 1: + IC(0.000 ns) + CELL(0.000 ns) = 0.000 ns; Loc. = LCFF_X48_Y50_N25; Fanout = 2; REG Node = 'Q~reg0'
        Info: 2: + IC(0.870 ns) + CELL(2.788 ns) = 3.658 ns; Loc. = PIN_C15; Fanout = 0; PIN Node = 'Qbar'
        Info: Total cell delay = 2.788 ns ( 76.22 % )
        Info: Total interconnect delay = 0.870 ns ( 23.78 % )
Info: th for register "Q~reg0" (data pin = "D", clock pin = "clk") is 0.552 ns
    Info: + Longest clock path from clock "clk" to destination register is 2.104 ns
        Info: 1: + IC(0.000 ns) + CELL(0.959 ns) = 0.959 ns; Loc. = PIN_H15; Fanout = 1; CLK Node = 'clk'
        Info: 2: + IC(0.608 ns) + CELL(0.537 ns) = 2.104 ns; Loc. = LCFF_X48_Y50_N25; Fanout = 2; REG Node = 'Q~reg0'
        Info: Total cell delay = 1.496 ns ( 71.10 % )
        Info: Total interconnect delay = 0.608 ns ( 28.90 % )
    Info: + Micro hold delay of destination is 0.266 ns
    Info: - Shortest pin to register delay is 1.818 ns
        Info: 1: + IC(0.000 ns) + CELL(0.959 ns) = 0.959 ns; Loc. = PIN_G15; Fanout = 1; PIN Node = 'D'
        Info: 2: + IC(0.626 ns) + CELL(0.149 ns) = 1.734 ns; Loc. = LCCOMB_X48_Y50_N24; Fanout = 1; COMB Node = 'Q~reg0feeder'
        Info: 3: + IC(0.000 ns) + CELL(0.084 ns) = 1.818 ns; Loc. = LCFF_X48_Y50_N25; Fanout = 2; REG Node = 'Q~reg0'
        Info: Total cell delay = 1.192 ns ( 65.57 % )
        Info: Total interconnect delay = 0.626 ns ( 34.43 % )
Info: Quartus II Classic Timing Analyzer was successful. 0 errors, 1 warning
    Info: Peak virtual memory: 197 megabytes
    Info: Processing ended: Wed Sep 27 03:56:12 2017
    Info: Elapsed time: 00:00:00
    Info: Total CPU time (on all processors): 00:00:00


