Classic Timing Analyzer report for comparator_4bits
Wed Sep 20 08:17:02 2017
Quartus II Version 9.1 Build 222 10/21/2009 SJ Web Edition


---------------------
; Table of Contents ;
---------------------
  1. Legal Notice
  2. Timing Analyzer Summary
  3. Timing Analyzer Settings
  4. Parallel Compilation
  5. tpd
  6. Timing Analyzer Messages



----------------
; Legal Notice ;
----------------
Copyright (C) 1991-2009 Altera Corporation
Your use of Altera Corporation's design tools, logic functions 
and other software and tools, and its AMPP partner logic 
functions, and any output files from any of the foregoing 
(including device programming or simulation files), and any 
associated documentation or information are expressly subject 
to the terms and conditions of the Altera Program License 
Subscription Agreement, Altera MegaCore Function License 
Agreement, or other applicable license agreement, including, 
without limitation, that your use is for the sole purpose of 
programming logic devices manufactured by Altera and sold by 
Altera or its authorized distributors.  Please refer to the 
applicable agreement for further details.



+------------------------------------------------------------------------------------------------------------------------------+
; Timing Analyzer Summary                                                                                                      ;
+------------------------------+-------+---------------+-------------+------+-----------+------------+----------+--------------+
; Type                         ; Slack ; Required Time ; Actual Time ; From ; To        ; From Clock ; To Clock ; Failed Paths ;
+------------------------------+-------+---------------+-------------+------+-----------+------------+----------+--------------+
; Worst-case tpd               ; N/A   ; None          ; 15.261 ns   ; b[1] ; b_greater ; --         ; --       ; 0            ;
; Total number of failed paths ;       ;               ;             ;      ;           ;            ;          ; 0            ;
+------------------------------+-------+---------------+-------------+------+-----------+------------+----------+--------------+


+-----------------------------------------------------------------------------------------------------------------------------------------------------+
; Timing Analyzer Settings                                                                                                                            ;
+------------------------------------------------------------------------------------------------------+--------------------+------+----+-------------+
; Option                                                                                               ; Setting            ; From ; To ; Entity Name ;
+------------------------------------------------------------------------------------------------------+--------------------+------+----+-------------+
; Device Name                                                                                          ; EP2C70F896C6       ;      ;    ;             ;
; Timing Models                                                                                        ; Final              ;      ;    ;             ;
; Default hold multicycle                                                                              ; Same as Multicycle ;      ;    ;             ;
; Cut paths between unrelated clock domains                                                            ; On                 ;      ;    ;             ;
; Cut off read during write signal paths                                                               ; On                 ;      ;    ;             ;
; Cut off feedback from I/O pins                                                                       ; On                 ;      ;    ;             ;
; Report Combined Fast/Slow Timing                                                                     ; Off                ;      ;    ;             ;
; Ignore Clock Settings                                                                                ; Off                ;      ;    ;             ;
; Analyze latches as synchronous elements                                                              ; On                 ;      ;    ;             ;
; Enable Recovery/Removal analysis                                                                     ; Off                ;      ;    ;             ;
; Enable Clock Latency                                                                                 ; Off                ;      ;    ;             ;
; Use TimeQuest Timing Analyzer                                                                        ; Off                ;      ;    ;             ;
; Minimum Core Junction Temperature                                                                    ; 0                  ;      ;    ;             ;
; Maximum Core Junction Temperature                                                                    ; 85                 ;      ;    ;             ;
; Number of source nodes to report per destination node                                                ; 10                 ;      ;    ;             ;
; Number of destination nodes to report                                                                ; 10                 ;      ;    ;             ;
; Number of paths to report                                                                            ; 200                ;      ;    ;             ;
; Report Minimum Timing Checks                                                                         ; Off                ;      ;    ;             ;
; Use Fast Timing Models                                                                               ; Off                ;      ;    ;             ;
; Report IO Paths Separately                                                                           ; Off                ;      ;    ;             ;
; Perform Multicorner Analysis                                                                         ; On                 ;      ;    ;             ;
; Reports the worst-case path for each clock domain and analysis                                       ; Off                ;      ;    ;             ;
; Reports worst-case timing paths for each clock domain and analysis                                   ; On                 ;      ;    ;             ;
; Specifies the maximum number of worst-case timing paths to report for each clock domain and analysis ; 100                ;      ;    ;             ;
; Removes common clock path pessimism (CCPP) during slack computation                                  ; Off                ;      ;    ;             ;
; Output I/O Timing Endpoint                                                                           ; Near End           ;      ;    ;             ;
+------------------------------------------------------------------------------------------------------+--------------------+------+----+-------------+


Parallel compilation was disabled, but you have multiple processors available. Enable parallel compilation to reduce compilation time.
+-------------------------------------+
; Parallel Compilation                ;
+----------------------------+--------+
; Processors                 ; Number ;
+----------------------------+--------+
; Number detected on machine ; 2      ;
; Maximum allowed            ; 1      ;
+----------------------------+--------+


+----------------------------------------------------------------+
; tpd                                                            ;
+-------+-------------------+-----------------+------+-----------+
; Slack ; Required P2P Time ; Actual P2P Time ; From ; To        ;
+-------+-------------------+-----------------+------+-----------+
; N/A   ; None              ; 15.261 ns       ; b[1] ; b_greater ;
; N/A   ; None              ; 14.837 ns       ; a[1] ; b_greater ;
; N/A   ; None              ; 14.598 ns       ; b[3] ; b_greater ;
; N/A   ; None              ; 14.420 ns       ; b[2] ; b_greater ;
; N/A   ; None              ; 13.209 ns       ; b[0] ; b_greater ;
; N/A   ; None              ; 13.065 ns       ; a[0] ; b_greater ;
; N/A   ; None              ; 12.799 ns       ; b[1] ; a_greater ;
; N/A   ; None              ; 12.407 ns       ; a[1] ; a_greater ;
; N/A   ; None              ; 12.148 ns       ; b[3] ; a_greater ;
; N/A   ; None              ; 12.063 ns       ; b[1] ; equal     ;
; N/A   ; None              ; 11.969 ns       ; b[2] ; a_greater ;
; N/A   ; None              ; 11.636 ns       ; a[1] ; equal     ;
; N/A   ; None              ; 11.229 ns       ; b[3] ; equal     ;
; N/A   ; None              ; 11.051 ns       ; b[2] ; equal     ;
; N/A   ; None              ; 10.776 ns       ; b[0] ; a_greater ;
; N/A   ; None              ; 10.634 ns       ; a[0] ; a_greater ;
; N/A   ; None              ; 10.272 ns       ; a[3] ; b_greater ;
; N/A   ; None              ; 10.008 ns       ; b[0] ; equal     ;
; N/A   ; None              ; 9.927 ns        ; a[2] ; b_greater ;
; N/A   ; None              ; 9.866 ns        ; a[0] ; equal     ;
; N/A   ; None              ; 7.854 ns        ; a[3] ; a_greater ;
; N/A   ; None              ; 7.478 ns        ; a[2] ; a_greater ;
; N/A   ; None              ; 6.908 ns        ; a[3] ; equal     ;
; N/A   ; None              ; 6.557 ns        ; a[2] ; equal     ;
+-------+-------------------+-----------------+------+-----------+


+--------------------------+
; Timing Analyzer Messages ;
+--------------------------+
Info: *******************************************************************
Info: Running Quartus II Classic Timing Analyzer
    Info: Version 9.1 Build 222 10/21/2009 SJ Web Edition
    Info: Processing started: Wed Sep 20 08:17:02 2017
Info: Command: quartus_tan --read_settings_files=off --write_settings_files=off comparator_4bits -c comparator_4bits --timing_analysis_only
Info: Longest tpd from source pin "b[1]" to destination pin "b_greater" is 15.261 ns
    Info: 1: + IC(0.000 ns) + CELL(0.830 ns) = 0.830 ns; Loc. = PIN_AF12; Fanout = 3; PIN Node = 'b[1]'
    Info: 2: + IC(6.770 ns) + CELL(0.419 ns) = 8.019 ns; Loc. = LCCOMB_X39_Y47_N30; Fanout = 1; COMB Node = 'LessThan1~1'
    Info: 3: + IC(0.240 ns) + CELL(0.150 ns) = 8.409 ns; Loc. = LCCOMB_X39_Y47_N8; Fanout = 1; COMB Node = 'LessThan1~2'
    Info: 4: + IC(4.054 ns) + CELL(2.798 ns) = 15.261 ns; Loc. = PIN_AJ12; Fanout = 0; PIN Node = 'b_greater'
    Info: Total cell delay = 4.197 ns ( 27.50 % )
    Info: Total interconnect delay = 11.064 ns ( 72.50 % )
Info: Quartus II Classic Timing Analyzer was successful. 0 errors, 0 warnings
    Info: Peak virtual memory: 197 megabytes
    Info: Processing ended: Wed Sep 20 08:17:02 2017
    Info: Elapsed time: 00:00:00
    Info: Total CPU time (on all processors): 00:00:00


