Analysis & Synthesis report for MIPS
Tue Nov 21 12:44:58 2017
Quartus II Version 9.1 Build 222 10/21/2009 SJ Web Edition


---------------------
; Table of Contents ;
---------------------
  1. Legal Notice
  2. Analysis & Synthesis Summary
  3. Analysis & Synthesis Settings
  4. Parallel Compilation
  5. Analysis & Synthesis Source Files Read
  6. Analysis & Synthesis Resource Usage Summary
  7. Analysis & Synthesis Resource Utilization by Entity
  8. Analysis & Synthesis RAM Summary
  9. State Machine - |MIPS|state
 10. Registers Removed During Synthesis
 11. General Register Statistics
 12. Inverted Register Statistics
 13. Registers Packed Into Inferred Megafunctions
 14. Multiplexer Restructuring Statistics (Restructuring Performed)
 15. Source assignments for Register:REG|altsyncram:REG_rtl_0|altsyncram_f7l1:auto_generated
 16. Source assignments for Register:REG|altsyncram:REG_rtl_1|altsyncram_f7l1:auto_generated
 17. Parameter Settings for User Entity Instance: Top-level Entity: |MIPS
 18. Parameter Settings for Inferred Entity Instance: Register:REG|altsyncram:REG_rtl_0
 19. Parameter Settings for Inferred Entity Instance: Register:REG|altsyncram:REG_rtl_1
 20. altsyncram Parameter Settings by Entity Instance
 21. Analysis & Synthesis Messages
 22. Analysis & Synthesis Suppressed Messages



----------------
; Legal Notice ;
----------------
Copyright (C) 1991-2009 Altera Corporation
Your use of Altera Corporation's design tools, logic functions 
and other software and tools, and its AMPP partner logic 
functions, and any output files from any of the foregoing 
(including device programming or simulation files), and any 
associated documentation or information are expressly subject 
to the terms and conditions of the Altera Program License 
Subscription Agreement, Altera MegaCore Function License 
Agreement, or other applicable license agreement, including, 
without limitation, that your use is for the sole purpose of 
programming logic devices manufactured by Altera and sold by 
Altera or its authorized distributors.  Please refer to the 
applicable agreement for further details.



+------------------------------------------------------------------------------+
; Analysis & Synthesis Summary                                                 ;
+------------------------------------+-----------------------------------------+
; Analysis & Synthesis Status        ; Successful - Tue Nov 21 12:44:58 2017   ;
; Quartus II Version                 ; 9.1 Build 222 10/21/2009 SJ Web Edition ;
; Revision Name                      ; MIPS                                    ;
; Top-level Entity Name              ; MIPS                                    ;
; Family                             ; Cyclone II                              ;
; Total logic elements               ; 950                                     ;
;     Total combinational functions  ; 918                                     ;
;     Dedicated logic registers      ; 109                                     ;
; Total registers                    ; 109                                     ;
; Total pins                         ; 68                                      ;
; Total virtual pins                 ; 0                                       ;
; Total memory bits                  ; 2,048                                   ;
; Embedded Multiplier 9-bit elements ; 0                                       ;
; Total PLLs                         ; 0                                       ;
+------------------------------------+-----------------------------------------+


+----------------------------------------------------------------------------------------------------------------------+
; Analysis & Synthesis Settings                                                                                        ;
+----------------------------------------------------------------------------+--------------------+--------------------+
; Option                                                                     ; Setting            ; Default Value      ;
+----------------------------------------------------------------------------+--------------------+--------------------+
; Device                                                                     ; EP2C20F484C7       ;                    ;
; Top-level entity name                                                      ; MIPS               ; MIPS               ;
; Family name                                                                ; Cyclone II         ; Stratix II         ;
; Type of Retiming Performed During Resynthesis                              ; Full               ;                    ;
; Resynthesis Optimization Effort                                            ; Normal             ;                    ;
; Physical Synthesis Level for Resynthesis                                   ; Normal             ;                    ;
; Use Generated Physical Constraints File                                    ; Off                ;                    ;
; Use smart compilation                                                      ; Off                ; Off                ;
; Enable parallel Assembler and TimeQuest Timing Analyzer during compilation ; On                 ; On                 ;
; Enable compact report table                                                ; Off                ; Off                ;
; Restructure Multiplexers                                                   ; Auto               ; Auto               ;
; Create Debugging Nodes for IP Cores                                        ; Off                ; Off                ;
; Preserve fewer node names                                                  ; On                 ; On                 ;
; Disable OpenCore Plus hardware evaluation                                  ; Off                ; Off                ;
; Verilog Version                                                            ; Verilog_2001       ; Verilog_2001       ;
; VHDL Version                                                               ; VHDL_1993          ; VHDL_1993          ;
; State Machine Processing                                                   ; Auto               ; Auto               ;
; Safe State Machine                                                         ; Off                ; Off                ;
; Extract Verilog State Machines                                             ; On                 ; On                 ;
; Extract VHDL State Machines                                                ; On                 ; On                 ;
; Ignore Verilog initial constructs                                          ; Off                ; Off                ;
; Iteration limit for constant Verilog loops                                 ; 5000               ; 5000               ;
; Iteration limit for non-constant Verilog loops                             ; 250                ; 250                ;
; Add Pass-Through Logic to Inferred RAMs                                    ; On                 ; On                 ;
; Parallel Synthesis                                                         ; On                 ; On                 ;
; DSP Block Balancing                                                        ; Auto               ; Auto               ;
; NOT Gate Push-Back                                                         ; On                 ; On                 ;
; Power-Up Don't Care                                                        ; On                 ; On                 ;
; Remove Redundant Logic Cells                                               ; Off                ; Off                ;
; Remove Duplicate Registers                                                 ; On                 ; On                 ;
; Ignore CARRY Buffers                                                       ; Off                ; Off                ;
; Ignore CASCADE Buffers                                                     ; Off                ; Off                ;
; Ignore GLOBAL Buffers                                                      ; Off                ; Off                ;
; Ignore ROW GLOBAL Buffers                                                  ; Off                ; Off                ;
; Ignore LCELL Buffers                                                       ; Off                ; Off                ;
; Ignore SOFT Buffers                                                        ; On                 ; On                 ;
; Limit AHDL Integers to 32 Bits                                             ; Off                ; Off                ;
; Optimization Technique                                                     ; Balanced           ; Balanced           ;
; Carry Chain Length                                                         ; 70                 ; 70                 ;
; Auto Carry Chains                                                          ; On                 ; On                 ;
; Auto Open-Drain Pins                                                       ; On                 ; On                 ;
; Perform WYSIWYG Primitive Resynthesis                                      ; Off                ; Off                ;
; Auto ROM Replacement                                                       ; On                 ; On                 ;
; Auto RAM Replacement                                                       ; On                 ; On                 ;
; Auto Shift Register Replacement                                            ; Auto               ; Auto               ;
; Auto Clock Enable Replacement                                              ; On                 ; On                 ;
; Strict RAM Replacement                                                     ; Off                ; Off                ;
; Allow Synchronous Control Signals                                          ; On                 ; On                 ;
; Force Use of Synchronous Clear Signals                                     ; Off                ; Off                ;
; Auto RAM to Logic Cell Conversion                                          ; Off                ; Off                ;
; Auto Resource Sharing                                                      ; Off                ; Off                ;
; Allow Any RAM Size For Recognition                                         ; Off                ; Off                ;
; Allow Any ROM Size For Recognition                                         ; Off                ; Off                ;
; Allow Any Shift Register Size For Recognition                              ; Off                ; Off                ;
; Use LogicLock Constraints during Resource Balancing                        ; On                 ; On                 ;
; Ignore translate_off and synthesis_off directives                          ; Off                ; Off                ;
; Timing-Driven Synthesis                                                    ; Off                ; Off                ;
; Show Parameter Settings Tables in Synthesis Report                         ; On                 ; On                 ;
; Ignore Maximum Fan-Out Assignments                                         ; Off                ; Off                ;
; Synchronization Register Chain Length                                      ; 2                  ; 2                  ;
; PowerPlay Power Optimization                                               ; Normal compilation ; Normal compilation ;
; HDL message level                                                          ; Level2             ; Level2             ;
; Suppress Register Optimization Related Messages                            ; Off                ; Off                ;
; Number of Removed Registers Reported in Synthesis Report                   ; 100                ; 100                ;
; Number of Inverted Registers Reported in Synthesis Report                  ; 100                ; 100                ;
; Clock MUX Protection                                                       ; On                 ; On                 ;
; Auto Gated Clock Conversion                                                ; Off                ; Off                ;
; Block Design Naming                                                        ; Auto               ; Auto               ;
; SDC constraint protection                                                  ; Off                ; Off                ;
; Synthesis Effort                                                           ; Auto               ; Auto               ;
; Shift Register Replacement - Allow Asynchronous Clear Signal               ; On                 ; On                 ;
; Analysis & Synthesis Message Level                                         ; Medium             ; Medium             ;
; Disable Register Merging Across Hierarchies                                ; Auto               ; Auto               ;
; Resource Aware Inference For Block RAM                                     ; On                 ; On                 ;
+----------------------------------------------------------------------------+--------------------+--------------------+


Parallel compilation was disabled, but you have multiple processors available. Enable parallel compilation to reduce compilation time.
+-------------------------------------+
; Parallel Compilation                ;
+----------------------------+--------+
; Processors                 ; Number ;
+----------------------------+--------+
; Number detected on machine ; 2      ;
; Maximum allowed            ; 1      ;
+----------------------------+--------+


+------------------------------------------------------------------------------------------------------------------------------------------------------------------------------------------------------+
; Analysis & Synthesis Source Files Read                                                                                                                                                               ;
+----------------------------------------+-----------------+-------------------------------------------------------+-----------------------------------------------------------------------------------+
; File Name with User-Entered Path       ; Used in Netlist ; File Type                                             ; File Name with Absolute Path                                                      ;
+----------------------------------------+-----------------+-------------------------------------------------------+-----------------------------------------------------------------------------------+
; Register.v                             ; yes             ; User Verilog HDL File                                 ; D:/Workspace/Altera_Quartus_Workspace/MIPS/Register.v                             ;
; MIPS.v                                 ; yes             ; User Verilog HDL File                                 ; D:/Workspace/Altera_Quartus_Workspace/MIPS/MIPS.v                                 ;
; altsyncram.tdf                         ; yes             ; Megafunction                                          ; c:/altera/91/quartus/libraries/megafunctions/altsyncram.tdf                       ;
; db/altsyncram_f7l1.tdf                 ; yes             ; Auto-Generated Megafunction                           ; D:/Workspace/Altera_Quartus_Workspace/MIPS/db/altsyncram_f7l1.tdf                 ;
; db/mips.ram0_register_b87da43c.hdl.mif ; yes             ; Auto-Generated Auto-Found Memory Initialization File  ; D:/Workspace/Altera_Quartus_Workspace/MIPS/db/mips.ram0_register_b87da43c.hdl.mif ;
+----------------------------------------+-----------------+-------------------------------------------------------+-----------------------------------------------------------------------------------+


+-----------------------------------------------------+
; Analysis & Synthesis Resource Usage Summary         ;
+---------------------------------------------+-------+
; Resource                                    ; Usage ;
+---------------------------------------------+-------+
; Estimated Total logic elements              ; 950   ;
;                                             ;       ;
; Total combinational functions               ; 918   ;
; Logic element usage by number of LUT inputs ;       ;
;     -- 4 input functions                    ; 520   ;
;     -- 3 input functions                    ; 332   ;
;     -- <=2 input functions                  ; 66    ;
;                                             ;       ;
; Logic elements by mode                      ;       ;
;     -- normal mode                          ; 793   ;
;     -- arithmetic mode                      ; 125   ;
;                                             ;       ;
; Total registers                             ; 109   ;
;     -- Dedicated logic registers            ; 109   ;
;     -- I/O registers                        ; 0     ;
;                                             ;       ;
; I/O pins                                    ; 68    ;
; Total memory bits                           ; 2048  ;
; Maximum fan-out node                        ; CLK   ;
; Maximum fan-out                             ; 173   ;
; Total fan-out                               ; 4515  ;
; Average fan-out                             ; 3.90  ;
+---------------------------------------------+-------+


+-----------------------------------------------------------------------------------------------------------------------------------------------------------------------------------------------------------------------------------------------+
; Analysis & Synthesis Resource Utilization by Entity                                                                                                                                                                                           ;
+-------------------------------------------+-------------------+--------------+-------------+--------------+---------+-----------+------+--------------+------------------------------------------------------------------------+--------------+
; Compilation Hierarchy Node                ; LC Combinationals ; LC Registers ; Memory Bits ; DSP Elements ; DSP 9x9 ; DSP 18x18 ; Pins ; Virtual Pins ; Full Hierarchy Name                                                    ; Library Name ;
+-------------------------------------------+-------------------+--------------+-------------+--------------+---------+-----------+------+--------------+------------------------------------------------------------------------+--------------+
; |MIPS                                     ; 918 (918)         ; 109 (109)    ; 2048        ; 0            ; 0       ; 0         ; 68   ; 0            ; |MIPS                                                                  ; work         ;
;    |Register:REG|                         ; 0 (0)             ; 0 (0)        ; 2048        ; 0            ; 0       ; 0         ; 0    ; 0            ; |MIPS|Register:REG                                                     ;              ;
;       |altsyncram:REG_rtl_0|              ; 0 (0)             ; 0 (0)        ; 1024        ; 0            ; 0       ; 0         ; 0    ; 0            ; |MIPS|Register:REG|altsyncram:REG_rtl_0                                ;              ;
;          |altsyncram_f7l1:auto_generated| ; 0 (0)             ; 0 (0)        ; 1024        ; 0            ; 0       ; 0         ; 0    ; 0            ; |MIPS|Register:REG|altsyncram:REG_rtl_0|altsyncram_f7l1:auto_generated ;              ;
;       |altsyncram:REG_rtl_1|              ; 0 (0)             ; 0 (0)        ; 1024        ; 0            ; 0       ; 0         ; 0    ; 0            ; |MIPS|Register:REG|altsyncram:REG_rtl_1                                ;              ;
;          |altsyncram_f7l1:auto_generated| ; 0 (0)             ; 0 (0)        ; 1024        ; 0            ; 0       ; 0         ; 0    ; 0            ; |MIPS|Register:REG|altsyncram:REG_rtl_1|altsyncram_f7l1:auto_generated ;              ;
+-------------------------------------------+-------------------+--------------+-------------+--------------+---------+-----------+------+--------------+------------------------------------------------------------------------+--------------+
Note: For table entries with two numbers listed, the numbers in parentheses indicate the number of resources of the given type used by the specific entity alone. The numbers listed outside of parentheses indicate the total resources of the given type used by the specific entity and all of its sub-entities in the hierarchy.


+-------------------------------------------------------------------------------------------------------------------------------------------------------------------------------------------------------------------+
; Analysis & Synthesis RAM Summary                                                                                                                                                                                  ;
+-----------------------------------------------------------------------------+------+------------------+--------------+--------------+--------------+--------------+------+----------------------------------------+
; Name                                                                        ; Type ; Mode             ; Port A Depth ; Port A Width ; Port B Depth ; Port B Width ; Size ; MIF                                    ;
+-----------------------------------------------------------------------------+------+------------------+--------------+--------------+--------------+--------------+------+----------------------------------------+
; Register:REG|altsyncram:REG_rtl_0|altsyncram_f7l1:auto_generated|ALTSYNCRAM ; AUTO ; Simple Dual Port ; 32           ; 32           ; 32           ; 32           ; 1024 ; db/MIPS.ram0_Register_b87da43c.hdl.mif ;
; Register:REG|altsyncram:REG_rtl_1|altsyncram_f7l1:auto_generated|ALTSYNCRAM ; AUTO ; Simple Dual Port ; 32           ; 32           ; 32           ; 32           ; 1024 ; db/MIPS.ram0_Register_b87da43c.hdl.mif ;
+-----------------------------------------------------------------------------+------+------------------+--------------+--------------+--------------+--------------+------+----------------------------------------+


Encoding Type:  One-Hot
+-----------------------------------------------------------------------+
; State Machine - |MIPS|state                                           ;
+-----------+-----------+-----------+-----------+-----------+-----------+
; Name      ; state.011 ; state.010 ; state.001 ; state.000 ; state.100 ;
+-----------+-----------+-----------+-----------+-----------+-----------+
; state.000 ; 0         ; 0         ; 0         ; 0         ; 0         ;
; state.001 ; 0         ; 0         ; 1         ; 1         ; 0         ;
; state.010 ; 0         ; 1         ; 0         ; 1         ; 0         ;
; state.011 ; 1         ; 0         ; 0         ; 1         ; 0         ;
; state.100 ; 0         ; 0         ; 0         ; 1         ; 1         ;
+-----------+-----------+-----------+-----------+-----------+-----------+


+------------------------------------------------------------+
; Registers Removed During Synthesis                         ;
+---------------------------------------+--------------------+
; Register name                         ; Reason for Removal ;
+---------------------------------------+--------------------+
; state~2                               ; Lost fanout        ;
; state~3                               ; Lost fanout        ;
; Total Number of Removed Registers = 2 ;                    ;
+---------------------------------------+--------------------+


+------------------------------------------------------+
; General Register Statistics                          ;
+----------------------------------------------+-------+
; Statistic                                    ; Value ;
+----------------------------------------------+-------+
; Total registers                              ; 109   ;
; Number of registers using Synchronous Clear  ; 40    ;
; Number of registers using Synchronous Load   ; 8     ;
; Number of registers using Asynchronous Clear ; 0     ;
; Number of registers using Asynchronous Load  ; 0     ;
; Number of registers using Clock Enable       ; 104   ;
; Number of registers using Preset             ; 0     ;
+----------------------------------------------+-------+


+--------------------------------------------------+
; Inverted Register Statistics                     ;
+----------------------------------------+---------+
; Inverted Register                      ; Fan out ;
+----------------------------------------+---------+
; opsave[2]                              ; 40      ;
; opsave[5]                              ; 48      ;
; Total number of inverted registers = 2 ;         ;
+----------------------------------------+---------+


+-------------------------------------------------------+
; Registers Packed Into Inferred Megafunctions          ;
+---------------------------+--------------------+------+
; Register Name             ; Megafunction       ; Type ;
+---------------------------+--------------------+------+
; Register:REG|ReadReg1[0]  ; Register:REG|REG~0 ; RAM  ;
; Register:REG|ReadReg1[1]  ; Register:REG|REG~0 ; RAM  ;
; Register:REG|ReadReg1[2]  ; Register:REG|REG~0 ; RAM  ;
; Register:REG|ReadReg1[3]  ; Register:REG|REG~0 ; RAM  ;
; Register:REG|ReadReg1[4]  ; Register:REG|REG~0 ; RAM  ;
; Register:REG|ReadReg1[5]  ; Register:REG|REG~0 ; RAM  ;
; Register:REG|ReadReg1[6]  ; Register:REG|REG~0 ; RAM  ;
; Register:REG|ReadReg1[7]  ; Register:REG|REG~0 ; RAM  ;
; Register:REG|ReadReg1[8]  ; Register:REG|REG~0 ; RAM  ;
; Register:REG|ReadReg1[9]  ; Register:REG|REG~0 ; RAM  ;
; Register:REG|ReadReg1[10] ; Register:REG|REG~0 ; RAM  ;
; Register:REG|ReadReg1[11] ; Register:REG|REG~0 ; RAM  ;
; Register:REG|ReadReg1[12] ; Register:REG|REG~0 ; RAM  ;
; Register:REG|ReadReg1[13] ; Register:REG|REG~0 ; RAM  ;
; Register:REG|ReadReg1[14] ; Register:REG|REG~0 ; RAM  ;
; Register:REG|ReadReg1[15] ; Register:REG|REG~0 ; RAM  ;
; Register:REG|ReadReg1[16] ; Register:REG|REG~0 ; RAM  ;
; Register:REG|ReadReg1[17] ; Register:REG|REG~0 ; RAM  ;
; Register:REG|ReadReg1[18] ; Register:REG|REG~0 ; RAM  ;
; Register:REG|ReadReg1[19] ; Register:REG|REG~0 ; RAM  ;
; Register:REG|ReadReg1[20] ; Register:REG|REG~0 ; RAM  ;
; Register:REG|ReadReg1[21] ; Register:REG|REG~0 ; RAM  ;
; Register:REG|ReadReg1[22] ; Register:REG|REG~0 ; RAM  ;
; Register:REG|ReadReg1[23] ; Register:REG|REG~0 ; RAM  ;
; Register:REG|ReadReg1[24] ; Register:REG|REG~0 ; RAM  ;
; Register:REG|ReadReg1[25] ; Register:REG|REG~0 ; RAM  ;
; Register:REG|ReadReg1[26] ; Register:REG|REG~0 ; RAM  ;
; Register:REG|ReadReg1[27] ; Register:REG|REG~0 ; RAM  ;
; Register:REG|ReadReg1[28] ; Register:REG|REG~0 ; RAM  ;
; Register:REG|ReadReg1[29] ; Register:REG|REG~0 ; RAM  ;
; Register:REG|ReadReg1[30] ; Register:REG|REG~0 ; RAM  ;
; Register:REG|ReadReg1[31] ; Register:REG|REG~0 ; RAM  ;
; Register:REG|ReadReg2[0]  ; Register:REG|REG~1 ; RAM  ;
; Register:REG|ReadReg2[1]  ; Register:REG|REG~1 ; RAM  ;
; Register:REG|ReadReg2[2]  ; Register:REG|REG~1 ; RAM  ;
; Register:REG|ReadReg2[3]  ; Register:REG|REG~1 ; RAM  ;
; Register:REG|ReadReg2[4]  ; Register:REG|REG~1 ; RAM  ;
; Register:REG|ReadReg2[5]  ; Register:REG|REG~1 ; RAM  ;
; Register:REG|ReadReg2[6]  ; Register:REG|REG~1 ; RAM  ;
; Register:REG|ReadReg2[7]  ; Register:REG|REG~1 ; RAM  ;
; Register:REG|ReadReg2[8]  ; Register:REG|REG~1 ; RAM  ;
; Register:REG|ReadReg2[9]  ; Register:REG|REG~1 ; RAM  ;
; Register:REG|ReadReg2[10] ; Register:REG|REG~1 ; RAM  ;
; Register:REG|ReadReg2[11] ; Register:REG|REG~1 ; RAM  ;
; Register:REG|ReadReg2[12] ; Register:REG|REG~1 ; RAM  ;
; Register:REG|ReadReg2[13] ; Register:REG|REG~1 ; RAM  ;
; Register:REG|ReadReg2[14] ; Register:REG|REG~1 ; RAM  ;
; Register:REG|ReadReg2[15] ; Register:REG|REG~1 ; RAM  ;
; Register:REG|ReadReg2[16] ; Register:REG|REG~1 ; RAM  ;
; Register:REG|ReadReg2[17] ; Register:REG|REG~1 ; RAM  ;
; Register:REG|ReadReg2[18] ; Register:REG|REG~1 ; RAM  ;
; Register:REG|ReadReg2[19] ; Register:REG|REG~1 ; RAM  ;
; Register:REG|ReadReg2[20] ; Register:REG|REG~1 ; RAM  ;
; Register:REG|ReadReg2[21] ; Register:REG|REG~1 ; RAM  ;
; Register:REG|ReadReg2[22] ; Register:REG|REG~1 ; RAM  ;
; Register:REG|ReadReg2[23] ; Register:REG|REG~1 ; RAM  ;
; Register:REG|ReadReg2[24] ; Register:REG|REG~1 ; RAM  ;
; Register:REG|ReadReg2[25] ; Register:REG|REG~1 ; RAM  ;
; Register:REG|ReadReg2[26] ; Register:REG|REG~1 ; RAM  ;
; Register:REG|ReadReg2[27] ; Register:REG|REG~1 ; RAM  ;
; Register:REG|ReadReg2[28] ; Register:REG|REG~1 ; RAM  ;
; Register:REG|ReadReg2[29] ; Register:REG|REG~1 ; RAM  ;
; Register:REG|ReadReg2[30] ; Register:REG|REG~1 ; RAM  ;
; Register:REG|ReadReg2[31] ; Register:REG|REG~1 ; RAM  ;
+---------------------------+--------------------+------+


+------------------------------------------------------------------------------------------------------------------------------------------+
; Multiplexer Restructuring Statistics (Restructuring Performed)                                                                           ;
+--------------------+-----------+---------------+----------------------+------------------------+------------+----------------------------+
; Multiplexer Inputs ; Bus Width ; Baseline Area ; Area if Restructured ; Saving if Restructured ; Registered ; Example Multiplexer Output ;
+--------------------+-----------+---------------+----------------------+------------------------+------------+----------------------------+
; 7:1                ; 6 bits    ; 24 LEs        ; 12 LEs               ; 12 LEs                 ; Yes        ; |MIPS|pc[31]               ;
; 9:1                ; 26 bits   ; 156 LEs       ; 78 LEs               ; 78 LEs                 ; Yes        ; |MIPS|pc[14]               ;
; 36:1               ; 8 bits    ; 192 LEs       ; 48 LEs               ; 144 LEs                ; Yes        ; |MIPS|alu_result_save[11]  ;
; 36:1               ; 8 bits    ; 192 LEs       ; 48 LEs               ; 144 LEs                ; Yes        ; |MIPS|alu_result_save[17]  ;
; 37:1               ; 4 bits    ; 96 LEs        ; 24 LEs               ; 72 LEs                 ; Yes        ; |MIPS|alu_result_save[5]   ;
; 37:1               ; 4 bits    ; 96 LEs        ; 24 LEs               ; 72 LEs                 ; Yes        ; |MIPS|alu_result_save[27]  ;
; 38:1               ; 2 bits    ; 50 LEs        ; 14 LEs               ; 36 LEs                 ; Yes        ; |MIPS|alu_result_save[3]   ;
; 38:1               ; 2 bits    ; 50 LEs        ; 14 LEs               ; 36 LEs                 ; Yes        ; |MIPS|alu_result_save[29]  ;
; 39:1               ; 2 bits    ; 52 LEs        ; 18 LEs               ; 34 LEs                 ; Yes        ; |MIPS|alu_result_save[30]  ;
+--------------------+-----------+---------------+----------------------+------------------------+------------+----------------------------+


+-----------------------------------------------------------------------------------------+
; Source assignments for Register:REG|altsyncram:REG_rtl_0|altsyncram_f7l1:auto_generated ;
+---------------------------------+--------------------+------+---------------------------+
; Assignment                      ; Value              ; From ; To                        ;
+---------------------------------+--------------------+------+---------------------------+
; OPTIMIZE_POWER_DURING_SYNTHESIS ; NORMAL_COMPILATION ; -    ; -                         ;
+---------------------------------+--------------------+------+---------------------------+


+-----------------------------------------------------------------------------------------+
; Source assignments for Register:REG|altsyncram:REG_rtl_1|altsyncram_f7l1:auto_generated ;
+---------------------------------+--------------------+------+---------------------------+
; Assignment                      ; Value              ; From ; To                        ;
+---------------------------------+--------------------+------+---------------------------+
; OPTIMIZE_POWER_DURING_SYNTHESIS ; NORMAL_COMPILATION ; -    ; -                         ;
+---------------------------------+--------------------+------+---------------------------+


+----------------------------------------------------------------------+
; Parameter Settings for User Entity Instance: Top-level Entity: |MIPS ;
+----------------+--------+--------------------------------------------+
; Parameter Name ; Value  ; Type                                       ;
+----------------+--------+--------------------------------------------+
; add            ; 100000 ; Unsigned Binary                            ;
; sub            ; 100010 ; Unsigned Binary                            ;
; _xor           ; 100110 ; Unsigned Binary                            ;
; _and           ; 100100 ; Unsigned Binary                            ;
; _or            ; 100101 ; Unsigned Binary                            ;
; slt            ; 101010 ; Unsigned Binary                            ;
; srl            ; 000010 ; Unsigned Binary                            ;
; sll            ; 000000 ; Unsigned Binary                            ;
; jr             ; 001000 ; Unsigned Binary                            ;
; addi           ; 001000 ; Unsigned Binary                            ;
; andi           ; 001100 ; Unsigned Binary                            ;
; ori            ; 001101 ; Unsigned Binary                            ;
; lw             ; 100011 ; Unsigned Binary                            ;
; sw             ; 101011 ; Unsigned Binary                            ;
; beq            ; 000100 ; Unsigned Binary                            ;
; bne            ; 000101 ; Unsigned Binary                            ;
; j              ; 000010 ; Unsigned Binary                            ;
; R              ; 00     ; Unsigned Binary                            ;
; I              ; 01     ; Unsigned Binary                            ;
; J              ; 10     ; Unsigned Binary                            ;
+----------------+--------+--------------------------------------------+
Note: In order to hide this table in the UI and the text report file, please set the "Show Parameter Settings Tables in Synthesis Report" option in "Analysis and Synthesis Settings -> More Settings" to "Off".


+----------------------------------------------------------------------------------------------+
; Parameter Settings for Inferred Entity Instance: Register:REG|altsyncram:REG_rtl_0           ;
+------------------------------------+----------------------------------------+----------------+
; Parameter Name                     ; Value                                  ; Type           ;
+------------------------------------+----------------------------------------+----------------+
; BYTE_SIZE_BLOCK                    ; 8                                      ; Untyped        ;
; AUTO_CARRY_CHAINS                  ; ON                                     ; AUTO_CARRY     ;
; IGNORE_CARRY_BUFFERS               ; OFF                                    ; IGNORE_CARRY   ;
; AUTO_CASCADE_CHAINS                ; ON                                     ; AUTO_CASCADE   ;
; IGNORE_CASCADE_BUFFERS             ; OFF                                    ; IGNORE_CASCADE ;
; WIDTH_BYTEENA                      ; 1                                      ; Untyped        ;
; OPERATION_MODE                     ; DUAL_PORT                              ; Untyped        ;
; WIDTH_A                            ; 32                                     ; Untyped        ;
; WIDTHAD_A                          ; 5                                      ; Untyped        ;
; NUMWORDS_A                         ; 32                                     ; Untyped        ;
; OUTDATA_REG_A                      ; UNREGISTERED                           ; Untyped        ;
; ADDRESS_ACLR_A                     ; NONE                                   ; Untyped        ;
; OUTDATA_ACLR_A                     ; NONE                                   ; Untyped        ;
; WRCONTROL_ACLR_A                   ; NONE                                   ; Untyped        ;
; INDATA_ACLR_A                      ; NONE                                   ; Untyped        ;
; BYTEENA_ACLR_A                     ; NONE                                   ; Untyped        ;
; WIDTH_B                            ; 32                                     ; Untyped        ;
; WIDTHAD_B                          ; 5                                      ; Untyped        ;
; NUMWORDS_B                         ; 32                                     ; Untyped        ;
; INDATA_REG_B                       ; CLOCK1                                 ; Untyped        ;
; WRCONTROL_WRADDRESS_REG_B          ; CLOCK1                                 ; Untyped        ;
; RDCONTROL_REG_B                    ; CLOCK1                                 ; Untyped        ;
; ADDRESS_REG_B                      ; CLOCK0                                 ; Untyped        ;
; OUTDATA_REG_B                      ; UNREGISTERED                           ; Untyped        ;
; BYTEENA_REG_B                      ; CLOCK1                                 ; Untyped        ;
; INDATA_ACLR_B                      ; NONE                                   ; Untyped        ;
; WRCONTROL_ACLR_B                   ; NONE                                   ; Untyped        ;
; ADDRESS_ACLR_B                     ; NONE                                   ; Untyped        ;
; OUTDATA_ACLR_B                     ; NONE                                   ; Untyped        ;
; RDCONTROL_ACLR_B                   ; NONE                                   ; Untyped        ;
; BYTEENA_ACLR_B                     ; NONE                                   ; Untyped        ;
; WIDTH_BYTEENA_A                    ; 1                                      ; Untyped        ;
; WIDTH_BYTEENA_B                    ; 1                                      ; Untyped        ;
; RAM_BLOCK_TYPE                     ; AUTO                                   ; Untyped        ;
; BYTE_SIZE                          ; 8                                      ; Untyped        ;
; READ_DURING_WRITE_MODE_MIXED_PORTS ; OLD_DATA                               ; Untyped        ;
; READ_DURING_WRITE_MODE_PORT_A      ; NEW_DATA_NO_NBE_READ                   ; Untyped        ;
; READ_DURING_WRITE_MODE_PORT_B      ; NEW_DATA_NO_NBE_READ                   ; Untyped        ;
; INIT_FILE                          ; db/MIPS.ram0_Register_b87da43c.hdl.mif ; Untyped        ;
; INIT_FILE_LAYOUT                   ; PORT_A                                 ; Untyped        ;
; MAXIMUM_DEPTH                      ; 0                                      ; Untyped        ;
; CLOCK_ENABLE_INPUT_A               ; NORMAL                                 ; Untyped        ;
; CLOCK_ENABLE_INPUT_B               ; NORMAL                                 ; Untyped        ;
; CLOCK_ENABLE_OUTPUT_A              ; NORMAL                                 ; Untyped        ;
; CLOCK_ENABLE_OUTPUT_B              ; NORMAL                                 ; Untyped        ;
; CLOCK_ENABLE_CORE_A                ; USE_INPUT_CLKEN                        ; Untyped        ;
; CLOCK_ENABLE_CORE_B                ; USE_INPUT_CLKEN                        ; Untyped        ;
; ENABLE_ECC                         ; FALSE                                  ; Untyped        ;
; DEVICE_FAMILY                      ; Cyclone II                             ; Untyped        ;
; CBXI_PARAMETER                     ; altsyncram_f7l1                        ; Untyped        ;
+------------------------------------+----------------------------------------+----------------+
Note: In order to hide this table in the UI and the text report file, please set the "Show Parameter Settings Tables in Synthesis Report" option in "Analysis and Synthesis Settings -> More Settings" to "Off".


+----------------------------------------------------------------------------------------------+
; Parameter Settings for Inferred Entity Instance: Register:REG|altsyncram:REG_rtl_1           ;
+------------------------------------+----------------------------------------+----------------+
; Parameter Name                     ; Value                                  ; Type           ;
+------------------------------------+----------------------------------------+----------------+
; BYTE_SIZE_BLOCK                    ; 8                                      ; Untyped        ;
; AUTO_CARRY_CHAINS                  ; ON                                     ; AUTO_CARRY     ;
; IGNORE_CARRY_BUFFERS               ; OFF                                    ; IGNORE_CARRY   ;
; AUTO_CASCADE_CHAINS                ; ON                                     ; AUTO_CASCADE   ;
; IGNORE_CASCADE_BUFFERS             ; OFF                                    ; IGNORE_CASCADE ;
; WIDTH_BYTEENA                      ; 1                                      ; Untyped        ;
; OPERATION_MODE                     ; DUAL_PORT                              ; Untyped        ;
; WIDTH_A                            ; 32                                     ; Untyped        ;
; WIDTHAD_A                          ; 5                                      ; Untyped        ;
; NUMWORDS_A                         ; 32                                     ; Untyped        ;
; OUTDATA_REG_A                      ; UNREGISTERED                           ; Untyped        ;
; ADDRESS_ACLR_A                     ; NONE                                   ; Untyped        ;
; OUTDATA_ACLR_A                     ; NONE                                   ; Untyped        ;
; WRCONTROL_ACLR_A                   ; NONE                                   ; Untyped        ;
; INDATA_ACLR_A                      ; NONE                                   ; Untyped        ;
; BYTEENA_ACLR_A                     ; NONE                                   ; Untyped        ;
; WIDTH_B                            ; 32                                     ; Untyped        ;
; WIDTHAD_B                          ; 5                                      ; Untyped        ;
; NUMWORDS_B                         ; 32                                     ; Untyped        ;
; INDATA_REG_B                       ; CLOCK1                                 ; Untyped        ;
; WRCONTROL_WRADDRESS_REG_B          ; CLOCK1                                 ; Untyped        ;
; RDCONTROL_REG_B                    ; CLOCK1                                 ; Untyped        ;
; ADDRESS_REG_B                      ; CLOCK0                                 ; Untyped        ;
; OUTDATA_REG_B                      ; UNREGISTERED                           ; Untyped        ;
; BYTEENA_REG_B                      ; CLOCK1                                 ; Untyped        ;
; INDATA_ACLR_B                      ; NONE                                   ; Untyped        ;
; WRCONTROL_ACLR_B                   ; NONE                                   ; Untyped        ;
; ADDRESS_ACLR_B                     ; NONE                                   ; Untyped        ;
; OUTDATA_ACLR_B                     ; NONE                                   ; Untyped        ;
; RDCONTROL_ACLR_B                   ; NONE                                   ; Untyped        ;
; BYTEENA_ACLR_B                     ; NONE                                   ; Untyped        ;
; WIDTH_BYTEENA_A                    ; 1                                      ; Untyped        ;
; WIDTH_BYTEENA_B                    ; 1                                      ; Untyped        ;
; RAM_BLOCK_TYPE                     ; AUTO                                   ; Untyped        ;
; BYTE_SIZE                          ; 8                                      ; Untyped        ;
; READ_DURING_WRITE_MODE_MIXED_PORTS ; OLD_DATA                               ; Untyped        ;
; READ_DURING_WRITE_MODE_PORT_A      ; NEW_DATA_NO_NBE_READ                   ; Untyped        ;
; READ_DURING_WRITE_MODE_PORT_B      ; NEW_DATA_NO_NBE_READ                   ; Untyped        ;
; INIT_FILE                          ; db/MIPS.ram0_Register_b87da43c.hdl.mif ; Untyped        ;
; INIT_FILE_LAYOUT                   ; PORT_A                                 ; Untyped        ;
; MAXIMUM_DEPTH                      ; 0                                      ; Untyped        ;
; CLOCK_ENABLE_INPUT_A               ; NORMAL                                 ; Untyped        ;
; CLOCK_ENABLE_INPUT_B               ; NORMAL                                 ; Untyped        ;
; CLOCK_ENABLE_OUTPUT_A              ; NORMAL                                 ; Untyped        ;
; CLOCK_ENABLE_OUTPUT_B              ; NORMAL                                 ; Untyped        ;
; CLOCK_ENABLE_CORE_A                ; USE_INPUT_CLKEN                        ; Untyped        ;
; CLOCK_ENABLE_CORE_B                ; USE_INPUT_CLKEN                        ; Untyped        ;
; ENABLE_ECC                         ; FALSE                                  ; Untyped        ;
; DEVICE_FAMILY                      ; Cyclone II                             ; Untyped        ;
; CBXI_PARAMETER                     ; altsyncram_f7l1                        ; Untyped        ;
+------------------------------------+----------------------------------------+----------------+
Note: In order to hide this table in the UI and the text report file, please set the "Show Parameter Settings Tables in Synthesis Report" option in "Analysis and Synthesis Settings -> More Settings" to "Off".


+-------------------------------------------------------------------------------+
; altsyncram Parameter Settings by Entity Instance                              ;
+-------------------------------------------+-----------------------------------+
; Name                                      ; Value                             ;
+-------------------------------------------+-----------------------------------+
; Number of entity instances                ; 2                                 ;
; Entity Instance                           ; Register:REG|altsyncram:REG_rtl_0 ;
;     -- OPERATION_MODE                     ; DUAL_PORT                         ;
;     -- WIDTH_A                            ; 32                                ;
;     -- NUMWORDS_A                         ; 32                                ;
;     -- OUTDATA_REG_A                      ; UNREGISTERED                      ;
;     -- WIDTH_B                            ; 32                                ;
;     -- NUMWORDS_B                         ; 32                                ;
;     -- ADDRESS_REG_B                      ; CLOCK0                            ;
;     -- OUTDATA_REG_B                      ; UNREGISTERED                      ;
;     -- RAM_BLOCK_TYPE                     ; AUTO                              ;
;     -- READ_DURING_WRITE_MODE_MIXED_PORTS ; OLD_DATA                          ;
; Entity Instance                           ; Register:REG|altsyncram:REG_rtl_1 ;
;     -- OPERATION_MODE                     ; DUAL_PORT                         ;
;     -- WIDTH_A                            ; 32                                ;
;     -- NUMWORDS_A                         ; 32                                ;
;     -- OUTDATA_REG_A                      ; UNREGISTERED                      ;
;     -- WIDTH_B                            ; 32                                ;
;     -- NUMWORDS_B                         ; 32                                ;
;     -- ADDRESS_REG_B                      ; CLOCK0                            ;
;     -- OUTDATA_REG_B                      ; UNREGISTERED                      ;
;     -- RAM_BLOCK_TYPE                     ; AUTO                              ;
;     -- READ_DURING_WRITE_MODE_MIXED_PORTS ; OLD_DATA                          ;
+-------------------------------------------+-----------------------------------+


+-------------------------------+
; Analysis & Synthesis Messages ;
+-------------------------------+
Info: *******************************************************************
Info: Running Quartus II Analysis & Synthesis
    Info: Version 9.1 Build 222 10/21/2009 SJ Web Edition
    Info: Processing started: Tue Nov 21 12:44:51 2017
Info: Command: quartus_map --read_settings_files=on --write_settings_files=off MIPS -c MIPS
Info: Found 1 design units, including 1 entities, in source file register.v
    Info: Found entity 1: Register
Info: Found 1 design units, including 1 entities, in source file memory.v
    Info: Found entity 1: Memory
Info: Found 1 design units, including 1 entities, in source file mips.v
    Info: Found entity 1: MIPS
Info: Found 1 design units, including 1 entities, in source file complete_mips.v
    Info: Found entity 1: Complete_MIPS
Info: Found 1 design units, including 1 entities, in source file tb_mips.v
    Info: Found entity 1: tb_MIPS
Info: Elaborating entity "MIPS" for the top level hierarchy
Info: Elaborating entity "Register" for hierarchy "Register:REG"
Info: Inferred 2 megafunctions from design logic
    Info: Inferred altsyncram megafunction from the following design logic: "Register:REG|REG~0" 
        Info: Parameter OPERATION_MODE set to DUAL_PORT
        Info: Parameter WIDTH_A set to 32
        Info: Parameter WIDTHAD_A set to 5
        Info: Parameter NUMWORDS_A set to 32
        Info: Parameter WIDTH_B set to 32
        Info: Parameter WIDTHAD_B set to 5
        Info: Parameter NUMWORDS_B set to 32
        Info: Parameter ADDRESS_ACLR_A set to NONE
        Info: Parameter OUTDATA_REG_B set to UNREGISTERED
        Info: Parameter ADDRESS_ACLR_B set to NONE
        Info: Parameter OUTDATA_ACLR_B set to NONE
        Info: Parameter ADDRESS_REG_B set to CLOCK0
        Info: Parameter INDATA_ACLR_A set to NONE
        Info: Parameter WRCONTROL_ACLR_A set to NONE
        Info: Parameter INIT_FILE set to db/MIPS.ram0_Register_b87da43c.hdl.mif
        Info: Parameter READ_DURING_WRITE_MODE_MIXED_PORTS set to OLD_DATA
    Info: Inferred altsyncram megafunction from the following design logic: "Register:REG|REG~1" 
        Info: Parameter OPERATION_MODE set to DUAL_PORT
        Info: Parameter WIDTH_A set to 32
        Info: Parameter WIDTHAD_A set to 5
        Info: Parameter NUMWORDS_A set to 32
        Info: Parameter WIDTH_B set to 32
        Info: Parameter WIDTHAD_B set to 5
        Info: Parameter NUMWORDS_B set to 32
        Info: Parameter ADDRESS_ACLR_A set to NONE
        Info: Parameter OUTDATA_REG_B set to UNREGISTERED
        Info: Parameter ADDRESS_ACLR_B set to NONE
        Info: Parameter OUTDATA_ACLR_B set to NONE
        Info: Parameter ADDRESS_REG_B set to CLOCK0
        Info: Parameter INDATA_ACLR_A set to NONE
        Info: Parameter WRCONTROL_ACLR_A set to NONE
        Info: Parameter INIT_FILE set to db/MIPS.ram0_Register_b87da43c.hdl.mif
        Info: Parameter READ_DURING_WRITE_MODE_MIXED_PORTS set to OLD_DATA
Info: Elaborated megafunction instantiation "Register:REG|altsyncram:REG_rtl_0"
Info: Instantiated megafunction "Register:REG|altsyncram:REG_rtl_0" with the following parameter:
    Info: Parameter "OPERATION_MODE" = "DUAL_PORT"
    Info: Parameter "WIDTH_A" = "32"
    Info: Parameter "WIDTHAD_A" = "5"
    Info: Parameter "NUMWORDS_A" = "32"
    Info: Parameter "WIDTH_B" = "32"
    Info: Parameter "WIDTHAD_B" = "5"
    Info: Parameter "NUMWORDS_B" = "32"
    Info: Parameter "ADDRESS_ACLR_A" = "NONE"
    Info: Parameter "OUTDATA_REG_B" = "UNREGISTERED"
    Info: Parameter "ADDRESS_ACLR_B" = "NONE"
    Info: Parameter "OUTDATA_ACLR_B" = "NONE"
    Info: Parameter "ADDRESS_REG_B" = "CLOCK0"
    Info: Parameter "INDATA_ACLR_A" = "NONE"
    Info: Parameter "WRCONTROL_ACLR_A" = "NONE"
    Info: Parameter "INIT_FILE" = "db/MIPS.ram0_Register_b87da43c.hdl.mif"
    Info: Parameter "READ_DURING_WRITE_MODE_MIXED_PORTS" = "OLD_DATA"
Info: Found 1 design units, including 1 entities, in source file db/altsyncram_f7l1.tdf
    Info: Found entity 1: altsyncram_f7l1
Info: 2 registers lost all their fanouts during netlist optimizations. The first 2 are displayed below.
    Info: Register "state~2" lost all its fanouts during netlist optimizations.
    Info: Register "state~3" lost all its fanouts during netlist optimizations.
Info: Generated suppressed messages file D:/Workspace/Altera_Quartus_Workspace/MIPS/MIPS.map.smsg
Info: Implemented 1083 device resources after synthesis - the final resource count might be different
    Info: Implemented 2 input pins
    Info: Implemented 34 output pins
    Info: Implemented 32 bidirectional pins
    Info: Implemented 951 logic cells
    Info: Implemented 64 RAM segments
Info: Quartus II Analysis & Synthesis was successful. 0 errors, 0 warnings
    Info: Peak virtual memory: 281 megabytes
    Info: Processing ended: Tue Nov 21 12:44:58 2017
    Info: Elapsed time: 00:00:07
    Info: Total CPU time (on all processors): 00:00:07


+------------------------------------------+
; Analysis & Synthesis Suppressed Messages ;
+------------------------------------------+
The suppressed messages can be found in D:/Workspace/Altera_Quartus_Workspace/MIPS/MIPS.map.smsg.


