Analysis & Synthesis report for MJ_Microprocessor
Mon Dec 11 14:25:17 2017
Quartus II Version 9.1 Build 222 10/21/2009 SJ Web Edition


---------------------
; Table of Contents ;
---------------------
  1. Legal Notice
  2. Analysis & Synthesis Summary
  3. Analysis & Synthesis Settings
  4. Parallel Compilation
  5. Analysis & Synthesis Source Files Read
  6. Analysis & Synthesis Resource Usage Summary
  7. Analysis & Synthesis Resource Utilization by Entity
  8. General Register Statistics
  9. Parameter Settings for User Entity Instance: Top-level Entity: |MJ_Microprocessor
 10. Analysis & Synthesis Messages



----------------
; Legal Notice ;
----------------
Copyright (C) 1991-2009 Altera Corporation
Your use of Altera Corporation's design tools, logic functions 
and other software and tools, and its AMPP partner logic 
functions, and any output files from any of the foregoing 
(including device programming or simulation files), and any 
associated documentation or information are expressly subject 
to the terms and conditions of the Altera Program License 
Subscription Agreement, Altera MegaCore Function License 
Agreement, or other applicable license agreement, including, 
without limitation, that your use is for the sole purpose of 
programming logic devices manufactured by Altera and sold by 
Altera or its authorized distributors.  Please refer to the 
applicable agreement for further details.



+------------------------------------------------------------------------------+
; Analysis & Synthesis Summary                                                 ;
+------------------------------------+-----------------------------------------+
; Analysis & Synthesis Status        ; Successful - Mon Dec 11 14:25:17 2017   ;
; Quartus II Version                 ; 9.1 Build 222 10/21/2009 SJ Web Edition ;
; Revision Name                      ; MJ_Microprocessor                       ;
; Top-level Entity Name              ; MJ_Microprocessor                       ;
; Family                             ; Cyclone II                              ;
; Total logic elements               ; 0                                       ;
;     Total combinational functions  ; 0                                       ;
;     Dedicated logic registers      ; 0                                       ;
; Total registers                    ; 0                                       ;
; Total pins                         ; 49                                      ;
; Total virtual pins                 ; 0                                       ;
; Total memory bits                  ; 0                                       ;
; Embedded Multiplier 9-bit elements ; 0                                       ;
; Total PLLs                         ; 0                                       ;
+------------------------------------+-----------------------------------------+


+----------------------------------------------------------------------------------------------------------------------+
; Analysis & Synthesis Settings                                                                                        ;
+----------------------------------------------------------------------------+--------------------+--------------------+
; Option                                                                     ; Setting            ; Default Value      ;
+----------------------------------------------------------------------------+--------------------+--------------------+
; Device                                                                     ; EP2C20F484C7       ;                    ;
; Top-level entity name                                                      ; MJ_Microprocessor  ; MJ_Microprocessor  ;
; Family name                                                                ; Cyclone II         ; Stratix II         ;
; Type of Retiming Performed During Resynthesis                              ; Full               ;                    ;
; Resynthesis Optimization Effort                                            ; Normal             ;                    ;
; Physical Synthesis Level for Resynthesis                                   ; Normal             ;                    ;
; Use Generated Physical Constraints File                                    ; On                 ;                    ;
; Use smart compilation                                                      ; Off                ; Off                ;
; Enable parallel Assembler and TimeQuest Timing Analyzer during compilation ; On                 ; On                 ;
; Enable compact report table                                                ; Off                ; Off                ;
; Restructure Multiplexers                                                   ; Auto               ; Auto               ;
; Create Debugging Nodes for IP Cores                                        ; Off                ; Off                ;
; Preserve fewer node names                                                  ; On                 ; On                 ;
; Disable OpenCore Plus hardware evaluation                                  ; Off                ; Off                ;
; Verilog Version                                                            ; Verilog_2001       ; Verilog_2001       ;
; VHDL Version                                                               ; VHDL_1993          ; VHDL_1993          ;
; State Machine Processing                                                   ; Auto               ; Auto               ;
; Safe State Machine                                                         ; Off                ; Off                ;
; Extract Verilog State Machines                                             ; On                 ; On                 ;
; Extract VHDL State Machines                                                ; On                 ; On                 ;
; Ignore Verilog initial constructs                                          ; Off                ; Off                ;
; Iteration limit for constant Verilog loops                                 ; 5000               ; 5000               ;
; Iteration limit for non-constant Verilog loops                             ; 250                ; 250                ;
; Add Pass-Through Logic to Inferred RAMs                                    ; On                 ; On                 ;
; Parallel Synthesis                                                         ; On                 ; On                 ;
; DSP Block Balancing                                                        ; Auto               ; Auto               ;
; NOT Gate Push-Back                                                         ; On                 ; On                 ;
; Power-Up Don't Care                                                        ; On                 ; On                 ;
; Remove Redundant Logic Cells                                               ; Off                ; Off                ;
; Remove Duplicate Registers                                                 ; On                 ; On                 ;
; Ignore CARRY Buffers                                                       ; Off                ; Off                ;
; Ignore CASCADE Buffers                                                     ; Off                ; Off                ;
; Ignore GLOBAL Buffers                                                      ; Off                ; Off                ;
; Ignore ROW GLOBAL Buffers                                                  ; Off                ; Off                ;
; Ignore LCELL Buffers                                                       ; Off                ; Off                ;
; Ignore SOFT Buffers                                                        ; On                 ; On                 ;
; Limit AHDL Integers to 32 Bits                                             ; Off                ; Off                ;
; Optimization Technique                                                     ; Balanced           ; Balanced           ;
; Carry Chain Length                                                         ; 70                 ; 70                 ;
; Auto Carry Chains                                                          ; On                 ; On                 ;
; Auto Open-Drain Pins                                                       ; On                 ; On                 ;
; Perform WYSIWYG Primitive Resynthesis                                      ; Off                ; Off                ;
; Auto ROM Replacement                                                       ; On                 ; On                 ;
; Auto RAM Replacement                                                       ; On                 ; On                 ;
; Auto Shift Register Replacement                                            ; Auto               ; Auto               ;
; Auto Clock Enable Replacement                                              ; On                 ; On                 ;
; Strict RAM Replacement                                                     ; Off                ; Off                ;
; Allow Synchronous Control Signals                                          ; On                 ; On                 ;
; Force Use of Synchronous Clear Signals                                     ; Off                ; Off                ;
; Auto RAM to Logic Cell Conversion                                          ; Off                ; Off                ;
; Auto Resource Sharing                                                      ; Off                ; Off                ;
; Allow Any RAM Size For Recognition                                         ; Off                ; Off                ;
; Allow Any ROM Size For Recognition                                         ; Off                ; Off                ;
; Allow Any Shift Register Size For Recognition                              ; Off                ; Off                ;
; Use LogicLock Constraints during Resource Balancing                        ; On                 ; On                 ;
; Ignore translate_off and synthesis_off directives                          ; Off                ; Off                ;
; Timing-Driven Synthesis                                                    ; Off                ; Off                ;
; Show Parameter Settings Tables in Synthesis Report                         ; On                 ; On                 ;
; Ignore Maximum Fan-Out Assignments                                         ; Off                ; Off                ;
; Synchronization Register Chain Length                                      ; 2                  ; 2                  ;
; PowerPlay Power Optimization                                               ; Normal compilation ; Normal compilation ;
; HDL message level                                                          ; Level2             ; Level2             ;
; Suppress Register Optimization Related Messages                            ; Off                ; Off                ;
; Number of Removed Registers Reported in Synthesis Report                   ; 100                ; 100                ;
; Number of Inverted Registers Reported in Synthesis Report                  ; 100                ; 100                ;
; Clock MUX Protection                                                       ; On                 ; On                 ;
; Auto Gated Clock Conversion                                                ; Off                ; Off                ;
; Block Design Naming                                                        ; Auto               ; Auto               ;
; SDC constraint protection                                                  ; Off                ; Off                ;
; Synthesis Effort                                                           ; Auto               ; Auto               ;
; Shift Register Replacement - Allow Asynchronous Clear Signal               ; On                 ; On                 ;
; Analysis & Synthesis Message Level                                         ; Medium             ; Medium             ;
; Disable Register Merging Across Hierarchies                                ; Auto               ; Auto               ;
; Resource Aware Inference For Block RAM                                     ; On                 ; On                 ;
+----------------------------------------------------------------------------+--------------------+--------------------+


Parallel compilation was disabled, but you have multiple processors available. Enable parallel compilation to reduce compilation time.
+-------------------------------------+
; Parallel Compilation                ;
+----------------------------+--------+
; Processors                 ; Number ;
+----------------------------+--------+
; Number detected on machine ; 2      ;
; Maximum allowed            ; 1      ;
+----------------------------+--------+


+----------------------------------------------------------------------------------------------------------------------------------------------------------------+
; Analysis & Synthesis Source Files Read                                                                                                                         ;
+----------------------------------+-----------------+------------------------+----------------------------------------------------------------------------------+
; File Name with User-Entered Path ; Used in Netlist ; File Type              ; File Name with Absolute Path                                                     ;
+----------------------------------+-----------------+------------------------+----------------------------------------------------------------------------------+
; Board_7segment_decoder.v         ; yes             ; User Verilog HDL File  ; D:/Workspace/Altera_Quartus_Workspace/MJ_Microprocessor/Board_7segment_decoder.v ;
; bcd_7segment.v                   ; yes             ; User Verilog HDL File  ; D:/Workspace/Altera_Quartus_Workspace/MJ_Microprocessor/bcd_7segment.v           ;
; MJ_Microprocessor.v              ; yes             ; User Verilog HDL File  ; D:/Workspace/Altera_Quartus_Workspace/MJ_Microprocessor/MJ_Microprocessor.v      ;
+----------------------------------+-----------------+------------------------+----------------------------------------------------------------------------------+


+-----------------------------------------------------+
; Analysis & Synthesis Resource Usage Summary         ;
+---------------------------------------------+-------+
; Resource                                    ; Usage ;
+---------------------------------------------+-------+
;                                             ;       ;
; Total combinational functions               ; 0     ;
; Logic element usage by number of LUT inputs ;       ;
;     -- 4 input functions                    ; 0     ;
;     -- 3 input functions                    ; 0     ;
;     -- <=2 input functions                  ; 0     ;
;                                             ;       ;
; Logic elements by mode                      ;       ;
;     -- normal mode                          ; 0     ;
;     -- arithmetic mode                      ; 0     ;
;                                             ;       ;
; Total registers                             ; 0     ;
;     -- Dedicated logic registers            ; 0     ;
;     -- I/O registers                        ; 0     ;
;                                             ;       ;
; I/O pins                                    ; 49    ;
+---------------------------------------------+-------+


+-----------------------------------------------------------------------------------------------------------------------------------------------------------------------------+
; Analysis & Synthesis Resource Utilization by Entity                                                                                                                         ;
+----------------------------+-------------------+--------------+-------------+--------------+---------+-----------+------+--------------+---------------------+--------------+
; Compilation Hierarchy Node ; LC Combinationals ; LC Registers ; Memory Bits ; DSP Elements ; DSP 9x9 ; DSP 18x18 ; Pins ; Virtual Pins ; Full Hierarchy Name ; Library Name ;
+----------------------------+-------------------+--------------+-------------+--------------+---------+-----------+------+--------------+---------------------+--------------+
; |MJ_Microprocessor         ; 0 (0)             ; 0 (0)        ; 0           ; 0            ; 0       ; 0         ; 49   ; 0            ; |MJ_Microprocessor  ; work         ;
+----------------------------+-------------------+--------------+-------------+--------------+---------+-----------+------+--------------+---------------------+--------------+
Note: For table entries with two numbers listed, the numbers in parentheses indicate the number of resources of the given type used by the specific entity alone. The numbers listed outside of parentheses indicate the total resources of the given type used by the specific entity and all of its sub-entities in the hierarchy.


+------------------------------------------------------+
; General Register Statistics                          ;
+----------------------------------------------+-------+
; Statistic                                    ; Value ;
+----------------------------------------------+-------+
; Total registers                              ; 0     ;
; Number of registers using Synchronous Clear  ; 0     ;
; Number of registers using Synchronous Load   ; 0     ;
; Number of registers using Asynchronous Clear ; 0     ;
; Number of registers using Asynchronous Load  ; 0     ;
; Number of registers using Clock Enable       ; 0     ;
; Number of registers using Preset             ; 0     ;
+----------------------------------------------+-------+


+-----------------------------------------------------------------------------------+
; Parameter Settings for User Entity Instance: Top-level Entity: |MJ_Microprocessor ;
+----------------+-------+----------------------------------------------------------+
; Parameter Name ; Value ; Type                                                     ;
+----------------+-------+----------------------------------------------------------+
; S1             ; 000   ; Unsigned Binary                                          ;
; S21            ; 001   ; Unsigned Binary                                          ;
; S22            ; 010   ; Unsigned Binary                                          ;
; S31            ; 011   ; Unsigned Binary                                          ;
; S32            ; 100   ; Unsigned Binary                                          ;
+----------------+-------+----------------------------------------------------------+
Note: In order to hide this table in the UI and the text report file, please set the "Show Parameter Settings Tables in Synthesis Report" option in "Analysis and Synthesis Settings -> More Settings" to "Off".


+-------------------------------+
; Analysis & Synthesis Messages ;
+-------------------------------+
Info: *******************************************************************
Info: Running Quartus II Analysis & Synthesis
    Info: Version 9.1 Build 222 10/21/2009 SJ Web Edition
    Info: Processing started: Mon Dec 11 14:25:16 2017
Info: Command: quartus_map --read_settings_files=on --write_settings_files=off MJ_Microprocessor -c MJ_Microprocessor
Info: Found 1 design units, including 1 entities, in source file board_7segment_decoder.v
    Info: Found entity 1: Board_7segment_decoder
Info: Found 1 design units, including 1 entities, in source file bcd_7segment.v
    Info: Found entity 1: bcd_7segment
Info: Found 1 design units, including 1 entities, in source file mj_microprocessor.v
    Info: Found entity 1: MJ_Microprocessor
Info: Elaborating entity "MJ_Microprocessor" for the top level hierarchy
Warning (10036): Verilog HDL or VHDL warning at MJ_Microprocessor.v(28): object "state" assigned a value but never read
Warning (10036): Verilog HDL or VHDL warning at MJ_Microprocessor.v(28): object "nxt_state" assigned a value but never read
Warning (10036): Verilog HDL or VHDL warning at MJ_Microprocessor.v(30): object "rst" assigned a value but never read
Warning (10036): Verilog HDL or VHDL warning at MJ_Microprocessor.v(30): object "enter" assigned a value but never read
Info: Elaborating entity "Board_7segment_decoder" for hierarchy "Board_7segment_decoder:MJ_7segdecoder"
Warning (10230): Verilog HDL assignment warning at Board_7segment_decoder.v(30): truncated value with size 32 to match size of target (1)
Warning (10230): Verilog HDL assignment warning at Board_7segment_decoder.v(32): truncated value with size 16 to match size of target (14)
Warning (10230): Verilog HDL assignment warning at Board_7segment_decoder.v(34): truncated value with size 16 to match size of target (4)
Warning (10230): Verilog HDL assignment warning at Board_7segment_decoder.v(43): truncated value with size 16 to match size of target (14)
Warning (10230): Verilog HDL assignment warning at Board_7segment_decoder.v(51): truncated value with size 14 to match size of target (4)
Warning (10230): Verilog HDL assignment warning at Board_7segment_decoder.v(60): truncated value with size 14 to match size of target (10)
Warning (10230): Verilog HDL assignment warning at Board_7segment_decoder.v(66): truncated value with size 10 to match size of target (4)
Warning (10230): Verilog HDL assignment warning at Board_7segment_decoder.v(75): truncated value with size 10 to match size of target (7)
Warning (10230): Verilog HDL assignment warning at Board_7segment_decoder.v(82): truncated value with size 7 to match size of target (4)
Info: Elaborating entity "bcd_7segment" for hierarchy "Board_7segment_decoder:MJ_7segdecoder|bcd_7segment:bcd_7segment_1000"
Warning: Output pins are stuck at VCC or GND
    Warning (13410): Pin "seg_1000[0]" is stuck at VCC
    Warning (13410): Pin "seg_1000[1]" is stuck at GND
    Warning (13410): Pin "seg_1000[2]" is stuck at GND
    Warning (13410): Pin "seg_1000[3]" is stuck at VCC
    Warning (13410): Pin "seg_1000[4]" is stuck at VCC
    Warning (13410): Pin "seg_1000[5]" is stuck at VCC
    Warning (13410): Pin "seg_1000[6]" is stuck at VCC
    Warning (13410): Pin "seg_100[0]" is stuck at VCC
    Warning (13410): Pin "seg_100[1]" is stuck at GND
    Warning (13410): Pin "seg_100[2]" is stuck at GND
    Warning (13410): Pin "seg_100[3]" is stuck at GND
    Warning (13410): Pin "seg_100[4]" is stuck at GND
    Warning (13410): Pin "seg_100[5]" is stuck at VCC
    Warning (13410): Pin "seg_100[6]" is stuck at GND
    Warning (13410): Pin "seg_10[0]" is stuck at VCC
    Warning (13410): Pin "seg_10[1]" is stuck at VCC
    Warning (13410): Pin "seg_10[2]" is stuck at VCC
    Warning (13410): Pin "seg_10[3]" is stuck at VCC
    Warning (13410): Pin "seg_10[4]" is stuck at GND
    Warning (13410): Pin "seg_10[5]" is stuck at GND
    Warning (13410): Pin "seg_10[6]" is stuck at VCC
    Warning (13410): Pin "seg_1[0]" is stuck at GND
    Warning (13410): Pin "seg_1[1]" is stuck at VCC
    Warning (13410): Pin "seg_1[2]" is stuck at VCC
    Warning (13410): Pin "seg_1[3]" is stuck at GND
    Warning (13410): Pin "seg_1[4]" is stuck at GND
    Warning (13410): Pin "seg_1[5]" is stuck at GND
    Warning (13410): Pin "seg_1[6]" is stuck at GND
    Warning (13410): Pin "LEDG[0]" is stuck at VCC
    Warning (13410): Pin "LEDG[1]" is stuck at VCC
    Warning (13410): Pin "LEDG[2]" is stuck at VCC
    Warning (13410): Pin "LEDG[3]" is stuck at VCC
    Warning (13410): Pin "LEDG[4]" is stuck at VCC
    Warning (13410): Pin "LEDG[5]" is stuck at VCC
    Warning (13410): Pin "LEDG[6]" is stuck at VCC
    Warning (13410): Pin "LEDG[7]" is stuck at VCC
Warning: Design contains 13 input pin(s) that do not drive logic
    Warning (15610): No output dependent on input pin "clk_50M"
    Warning (15610): No output dependent on input pin "rst_bar"
    Warning (15610): No output dependent on input pin "enter_bar"
    Warning (15610): No output dependent on input pin "sw[0]"
    Warning (15610): No output dependent on input pin "sw[1]"
    Warning (15610): No output dependent on input pin "sw[2]"
    Warning (15610): No output dependent on input pin "sw[3]"
    Warning (15610): No output dependent on input pin "sw[4]"
    Warning (15610): No output dependent on input pin "sw[5]"
    Warning (15610): No output dependent on input pin "sw[6]"
    Warning (15610): No output dependent on input pin "sw[7]"
    Warning (15610): No output dependent on input pin "sw[8]"
    Warning (15610): No output dependent on input pin "sw[9]"
Info: Implemented 49 device resources after synthesis - the final resource count might be different
    Info: Implemented 13 input pins
    Info: Implemented 36 output pins
Info: Quartus II Analysis & Synthesis was successful. 0 errors, 64 warnings
    Info: Peak virtual memory: 274 megabytes
    Info: Processing ended: Mon Dec 11 14:25:17 2017
    Info: Elapsed time: 00:00:01
    Info: Total CPU time (on all processors): 00:00:02


