Analysis & Synthesis report for floating_point_Divider
Tue Nov 07 12:19:04 2017
Quartus II Version 9.1 Build 222 10/21/2009 SJ Web Edition


---------------------
; Table of Contents ;
---------------------
  1. Legal Notice
  2. Analysis & Synthesis Summary
  3. Analysis & Synthesis Settings
  4. Parallel Compilation
  5. Analysis & Synthesis Source Files Read
  6. Analysis & Synthesis Resource Usage Summary
  7. Analysis & Synthesis Resource Utilization by Entity
  8. State Machine - |floating_point_Divider|state
  9. Registers Removed During Synthesis
 10. Removed Registers Triggering Further Register Optimizations
 11. General Register Statistics
 12. Multiplexer Restructuring Statistics (Restructuring Performed)
 13. Port Connectivity Checks: "Divider:fdivider"
 14. Analysis & Synthesis Messages



----------------
; Legal Notice ;
----------------
Copyright (C) 1991-2009 Altera Corporation
Your use of Altera Corporation's design tools, logic functions 
and other software and tools, and its AMPP partner logic 
functions, and any output files from any of the foregoing 
(including device programming or simulation files), and any 
associated documentation or information are expressly subject 
to the terms and conditions of the Altera Program License 
Subscription Agreement, Altera MegaCore Function License 
Agreement, or other applicable license agreement, including, 
without limitation, that your use is for the sole purpose of 
programming logic devices manufactured by Altera and sold by 
Altera or its authorized distributors.  Please refer to the 
applicable agreement for further details.



+-------------------------------------------------------------------------+
; Analysis & Synthesis Summary                                            ;
+-------------------------------+-----------------------------------------+
; Analysis & Synthesis Status   ; Successful - Tue Nov 07 12:19:04 2017   ;
; Quartus II Version            ; 9.1 Build 222 10/21/2009 SJ Web Edition ;
; Revision Name                 ; floating_point_Divider                  ;
; Top-level Entity Name         ; floating_point_Divider                  ;
; Family                        ; Stratix II                              ;
; Logic utilization             ; N/A                                     ;
;     Combinational ALUTs       ; 46                                      ;
;     Dedicated logic registers ; 30                                      ;
; Total registers               ; 30                                      ;
; Total pins                    ; 43                                      ;
; Total virtual pins            ; 0                                       ;
; Total block memory bits       ; 0                                       ;
; DSP block 9-bit elements      ; 0                                       ;
; Total PLLs                    ; 0                                       ;
; Total DLLs                    ; 0                                       ;
+-------------------------------+-----------------------------------------+


+------------------------------------------------------------------------------------------------------------------------------+
; Analysis & Synthesis Settings                                                                                                ;
+----------------------------------------------------------------------------+------------------------+------------------------+
; Option                                                                     ; Setting                ; Default Value          ;
+----------------------------------------------------------------------------+------------------------+------------------------+
; Top-level entity name                                                      ; floating_point_Divider ; floating_point_Divider ;
; Family name                                                                ; Stratix II             ; Stratix II             ;
; Type of Retiming Performed During Resynthesis                              ; Full                   ;                        ;
; Resynthesis Optimization Effort                                            ; Normal                 ;                        ;
; Physical Synthesis Level for Resynthesis                                   ; Normal                 ;                        ;
; Use Generated Physical Constraints File                                    ; On                     ;                        ;
; Use smart compilation                                                      ; Off                    ; Off                    ;
; Enable parallel Assembler and TimeQuest Timing Analyzer during compilation ; On                     ; On                     ;
; Enable compact report table                                                ; Off                    ; Off                    ;
; Restructure Multiplexers                                                   ; Auto                   ; Auto                   ;
; Create Debugging Nodes for IP Cores                                        ; Off                    ; Off                    ;
; Preserve fewer node names                                                  ; On                     ; On                     ;
; Disable OpenCore Plus hardware evaluation                                  ; Off                    ; Off                    ;
; Verilog Version                                                            ; Verilog_2001           ; Verilog_2001           ;
; VHDL Version                                                               ; VHDL_1993              ; VHDL_1993              ;
; State Machine Processing                                                   ; Auto                   ; Auto                   ;
; Safe State Machine                                                         ; Off                    ; Off                    ;
; Extract Verilog State Machines                                             ; On                     ; On                     ;
; Extract VHDL State Machines                                                ; On                     ; On                     ;
; Ignore Verilog initial constructs                                          ; Off                    ; Off                    ;
; Iteration limit for constant Verilog loops                                 ; 5000                   ; 5000                   ;
; Iteration limit for non-constant Verilog loops                             ; 250                    ; 250                    ;
; Add Pass-Through Logic to Inferred RAMs                                    ; On                     ; On                     ;
; Parallel Synthesis                                                         ; On                     ; On                     ;
; DSP Block Balancing                                                        ; Auto                   ; Auto                   ;
; NOT Gate Push-Back                                                         ; On                     ; On                     ;
; Power-Up Don't Care                                                        ; On                     ; On                     ;
; Remove Redundant Logic Cells                                               ; Off                    ; Off                    ;
; Remove Duplicate Registers                                                 ; On                     ; On                     ;
; Ignore CARRY Buffers                                                       ; Off                    ; Off                    ;
; Ignore CASCADE Buffers                                                     ; Off                    ; Off                    ;
; Ignore GLOBAL Buffers                                                      ; Off                    ; Off                    ;
; Ignore ROW GLOBAL Buffers                                                  ; Off                    ; Off                    ;
; Ignore LCELL Buffers                                                       ; Off                    ; Off                    ;
; Ignore SOFT Buffers                                                        ; On                     ; On                     ;
; Limit AHDL Integers to 32 Bits                                             ; Off                    ; Off                    ;
; Optimization Technique                                                     ; Balanced               ; Balanced               ;
; Carry Chain Length                                                         ; 70                     ; 70                     ;
; Auto Carry Chains                                                          ; On                     ; On                     ;
; Auto Open-Drain Pins                                                       ; On                     ; On                     ;
; Perform WYSIWYG Primitive Resynthesis                                      ; Off                    ; Off                    ;
; Auto ROM Replacement                                                       ; On                     ; On                     ;
; Auto RAM Replacement                                                       ; On                     ; On                     ;
; Auto DSP Block Replacement                                                 ; On                     ; On                     ;
; Auto Shift Register Replacement                                            ; Auto                   ; Auto                   ;
; Auto Clock Enable Replacement                                              ; On                     ; On                     ;
; Strict RAM Replacement                                                     ; Off                    ; Off                    ;
; Allow Synchronous Control Signals                                          ; On                     ; On                     ;
; Force Use of Synchronous Clear Signals                                     ; Off                    ; Off                    ;
; Auto RAM Block Balancing                                                   ; On                     ; On                     ;
; Auto RAM to Logic Cell Conversion                                          ; Off                    ; Off                    ;
; Auto Resource Sharing                                                      ; Off                    ; Off                    ;
; Allow Any RAM Size For Recognition                                         ; Off                    ; Off                    ;
; Allow Any ROM Size For Recognition                                         ; Off                    ; Off                    ;
; Allow Any Shift Register Size For Recognition                              ; Off                    ; Off                    ;
; Use LogicLock Constraints during Resource Balancing                        ; On                     ; On                     ;
; Ignore translate_off and synthesis_off directives                          ; Off                    ; Off                    ;
; Timing-Driven Synthesis                                                    ; Off                    ; Off                    ;
; Show Parameter Settings Tables in Synthesis Report                         ; On                     ; On                     ;
; Ignore Maximum Fan-Out Assignments                                         ; Off                    ; Off                    ;
; Synchronization Register Chain Length                                      ; 2                      ; 2                      ;
; PowerPlay Power Optimization                                               ; Normal compilation     ; Normal compilation     ;
; HDL message level                                                          ; Level2                 ; Level2                 ;
; Suppress Register Optimization Related Messages                            ; Off                    ; Off                    ;
; Number of Removed Registers Reported in Synthesis Report                   ; 100                    ; 100                    ;
; Number of Inverted Registers Reported in Synthesis Report                  ; 100                    ; 100                    ;
; Clock MUX Protection                                                       ; On                     ; On                     ;
; Auto Gated Clock Conversion                                                ; Off                    ; Off                    ;
; Block Design Naming                                                        ; Auto                   ; Auto                   ;
; SDC constraint protection                                                  ; Off                    ; Off                    ;
; Synthesis Effort                                                           ; Auto                   ; Auto                   ;
; Shift Register Replacement - Allow Asynchronous Clear Signal               ; On                     ; On                     ;
; Analysis & Synthesis Message Level                                         ; Medium                 ; Medium                 ;
; Disable Register Merging Across Hierarchies                                ; Auto                   ; Auto                   ;
; Resource Aware Inference For Block RAM                                     ; On                     ; On                     ;
+----------------------------------------------------------------------------+------------------------+------------------------+


Parallel compilation was disabled, but you have multiple processors available. Enable parallel compilation to reduce compilation time.
+-------------------------------------+
; Parallel Compilation                ;
+----------------------------+--------+
; Processors                 ; Number ;
+----------------------------+--------+
; Number detected on machine ; 2      ;
; Maximum allowed            ; 1      ;
+----------------------------+--------+


+---------------------------------------------------------------------------------------------------------------------------------------------------------------------+
; Analysis & Synthesis Source Files Read                                                                                                                              ;
+----------------------------------+-----------------+------------------------+---------------------------------------------------------------------------------------+
; File Name with User-Entered Path ; Used in Netlist ; File Type              ; File Name with Absolute Path                                                          ;
+----------------------------------+-----------------+------------------------+---------------------------------------------------------------------------------------+
; floating_point_Divider.v         ; yes             ; User Verilog HDL File  ; D:/Workspace/Altera_Quartus_Workspace/floating_point_Divider/floating_point_Divider.v ;
; Dvider.v                         ; yes             ; User Verilog HDL File  ; D:/Workspace/Altera_Quartus_Workspace/floating_point_Divider/Dvider.v                 ;
+----------------------------------+-----------------+------------------------+---------------------------------------------------------------------------------------+


+-------------------------------------------------------+
; Analysis & Synthesis Resource Usage Summary           ;
+-----------------------------------------------+-------+
; Resource                                      ; Usage ;
+-----------------------------------------------+-------+
; Estimated ALUTs Used                          ; 46    ;
; Dedicated logic registers                     ; 30    ;
;                                               ;       ;
; Estimated ALUTs Unavailable                   ; 0     ;
;                                               ;       ;
; Total combinational functions                 ; 46    ;
; Combinational ALUT usage by number of inputs  ;       ;
;     -- 7 input functions                      ; 0     ;
;     -- 6 input functions                      ; 1     ;
;     -- 5 input functions                      ; 15    ;
;     -- 4 input functions                      ; 9     ;
;     -- <=3 input functions                    ; 21    ;
;                                               ;       ;
; Combinational ALUTs by mode                   ;       ;
;     -- normal mode                            ; 22    ;
;     -- extended LUT mode                      ; 0     ;
;     -- arithmetic mode                        ; 24    ;
;     -- shared arithmetic mode                 ; 0     ;
;                                               ;       ;
; Estimated ALUT/register pairs used            ; 51    ;
;                                               ;       ;
; Total registers                               ; 30    ;
;     -- Dedicated logic registers              ; 30    ;
;     -- I/O registers                          ; 0     ;
;                                               ;       ;
; Estimated ALMs:  partially or completely used ; 26    ;
;                                               ;       ;
; I/O pins                                      ; 43    ;
; Maximum fan-out node                          ; CLK   ;
; Maximum fan-out                               ; 30    ;
; Total fan-out                                 ; 287   ;
; Average fan-out                               ; 2.41  ;
+-----------------------------------------------+-------+


+---------------------------------------------------------------------------------------------------------------------------------------------------------------------------------------------------+
; Analysis & Synthesis Resource Utilization by Entity                                                                                                                                               ;
+----------------------------+-------------------+--------------+-------------------+--------------+---------+-----------+-----------+------+--------------+-------------------------+--------------+
; Compilation Hierarchy Node ; LC Combinationals ; LC Registers ; Block Memory Bits ; DSP Elements ; DSP 9x9 ; DSP 18x18 ; DSP 36x36 ; Pins ; Virtual Pins ; Full Hierarchy Name     ; Library Name ;
+----------------------------+-------------------+--------------+-------------------+--------------+---------+-----------+-----------+------+--------------+-------------------------+--------------+
; |floating_point_Divider    ; 46 (46)           ; 30 (30)      ; 0                 ; 0            ; 0       ; 0         ; 0         ; 43   ; 0            ; |floating_point_Divider ; work         ;
+----------------------------+-------------------+--------------+-------------------+--------------+---------+-----------+-----------+------+--------------+-------------------------+--------------+
Note: For table entries with two numbers listed, the numbers in parentheses indicate the number of resources of the given type used by the specific entity alone. The numbers listed outside of parentheses indicate the total resources of the given type used by the specific entity and all of its sub-entities in the hierarchy.


Encoding Type:  One-Hot
+-----------------------------------------------------------------------+
; State Machine - |floating_point_Divider|state                         ;
+-----------+-----------+-----------+-----------+-----------+-----------+
; Name      ; state.011 ; state.010 ; state.001 ; state.000 ; state.100 ;
+-----------+-----------+-----------+-----------+-----------+-----------+
; state.000 ; 0         ; 0         ; 0         ; 0         ; 0         ;
; state.001 ; 0         ; 0         ; 1         ; 1         ; 0         ;
; state.010 ; 0         ; 1         ; 0         ; 1         ; 0         ;
; state.011 ; 1         ; 0         ; 0         ; 1         ; 0         ;
; state.100 ; 0         ; 0         ; 0         ; 1         ; 1         ;
+-----------+-----------+-----------+-----------+-----------+-----------+


+--------------------------------------------------------------------------------+
; Registers Removed During Synthesis                                             ;
+---------------------------------------+----------------------------------------+
; Register name                         ; Reason for Removal                     ;
+---------------------------------------+----------------------------------------+
; state~2                               ; Lost fanout                            ;
; state~3                               ; Lost fanout                            ;
; state.011                             ; Stuck at GND due to stuck port data_in ;
; state.010                             ; Lost fanout                            ;
; Total Number of Removed Registers = 4 ;                                        ;
+---------------------------------------+----------------------------------------+


+------------------------------------------------------------------------------------+
; Removed Registers Triggering Further Register Optimizations                        ;
+---------------+---------------------------+----------------------------------------+
; Register name ; Reason for Removal        ; Registers Removed due to This Register ;
+---------------+---------------------------+----------------------------------------+
; state.011     ; Stuck at GND              ; state.010                              ;
;               ; due to stuck port data_in ;                                        ;
+---------------+---------------------------+----------------------------------------+


+------------------------------------------------------+
; General Register Statistics                          ;
+----------------------------------------------+-------+
; Statistic                                    ; Value ;
+----------------------------------------------+-------+
; Total registers                              ; 30    ;
; Number of registers using Synchronous Clear  ; 0     ;
; Number of registers using Synchronous Load   ; 6     ;
; Number of registers using Asynchronous Clear ; 0     ;
; Number of registers using Asynchronous Load  ; 0     ;
; Number of registers using Clock Enable       ; 25    ;
; Number of registers using Preset             ; 0     ;
+----------------------------------------------+-------+


+------------------------------------------------------------------------------------------------------------------------------------------------+
; Multiplexer Restructuring Statistics (Restructuring Performed)                                                                                 ;
+--------------------+-----------+---------------+----------------------+------------------------+------------+----------------------------------+
; Multiplexer Inputs ; Bus Width ; Baseline Area ; Area if Restructured ; Saving if Restructured ; Registered ; Example Multiplexer Output       ;
+--------------------+-----------+---------------+----------------------+------------------------+------------+----------------------------------+
; 4:1                ; 6 bits    ; 12 ALUTs      ; 12 ALUTs             ; 0 ALUTs                ; Yes        ; |floating_point_Divider|RegF1[5] ;
; 5:1                ; 6 bits    ; 18 ALUTs      ; 6 ALUTs              ; 12 ALUTs               ; Yes        ; |floating_point_Divider|RegE1[4] ;
+--------------------+-----------+---------------+----------------------+------------------------+------------+----------------------------------+


+-------------------------------------------------------------------------------------------------------------------------------------------------------+
; Port Connectivity Checks: "Divider:fdivider"                                                                                                          ;
+---------------+---------+------------------+----------------------------------------------------------------------------------------------------------+
; Port          ; Type    ; Severity         ; Details                                                                                                  ;
+---------------+---------+------------------+----------------------------------------------------------------------------------------------------------+
; dividerResult ; Unknown ; Critical Warning ; Named port was not declared by the instantiated entity                                                   ;
; quotient      ; Output  ; Warning          ; Declared by entity but not connected by instance. Logic that only feeds a dangling port will be removed. ;
; remainder     ; Output  ; Warning          ; Declared by entity but not connected by instance. Logic that only feeds a dangling port will be removed. ;
+---------------+---------+------------------+----------------------------------------------------------------------------------------------------------+


+-------------------------------+
; Analysis & Synthesis Messages ;
+-------------------------------+
Info: *******************************************************************
Info: Running Quartus II Analysis & Synthesis
    Info: Version 9.1 Build 222 10/21/2009 SJ Web Edition
    Info: Processing started: Tue Nov 07 12:19:02 2017
Info: Command: quartus_map --read_settings_files=on --write_settings_files=off floating_point_Divider -c floating_point_Divider
Info: Found 1 design units, including 1 entities, in source file floating_point_divider.v
    Info: Found entity 1: floating_point_Divider
Info: Found 1 design units, including 1 entities, in source file dvider.v
    Info: Found entity 1: Divider
Info: Elaborating entity "floating_point_Divider" for the top level hierarchy
Warning (10858): Verilog HDL warning at floating_point_Divider.v(27): object dividerResult used but never assigned
Warning (10230): Verilog HDL assignment warning at floating_point_Divider.v(58): truncated value with size 32 to match size of target (8)
Warning (10230): Verilog HDL assignment warning at floating_point_Divider.v(66): truncated value with size 32 to match size of target (1)
Warning (10230): Verilog HDL assignment warning at floating_point_Divider.v(67): truncated value with size 32 to match size of target (1)
Warning (10230): Verilog HDL assignment warning at floating_point_Divider.v(68): truncated value with size 32 to match size of target (1)
Warning (10230): Verilog HDL assignment warning at floating_point_Divider.v(69): truncated value with size 32 to match size of target (1)
Warning (10230): Verilog HDL assignment warning at floating_point_Divider.v(149): truncated value with size 32 to match size of target (6)
Warning (10230): Verilog HDL assignment warning at floating_point_Divider.v(155): truncated value with size 32 to match size of target (6)
Warning (10030): Net "dividerResult" at floating_point_Divider.v(27) has no driver or initial value, using a default initial value '0'
Info: Elaborating entity "Divider" for hierarchy "Divider:fdivider"
Warning (10034): Output port "Done" at Dvider.v(11) has no driver
Warning: 1 hierarchies have connectivity warnings - see the Connectivity Checks report folder
Info: 3 registers lost all their fanouts during netlist optimizations. The first 3 are displayed below.
    Info: Register "state~2" lost all its fanouts during netlist optimizations.
    Info: Register "state~3" lost all its fanouts during netlist optimizations.
    Info: Register "state.010" lost all its fanouts during netlist optimizations.
Info: Implemented 103 device resources after synthesis - the final resource count might be different
    Info: Implemented 28 input pins
    Info: Implemented 15 output pins
    Info: Implemented 60 logic cells
Info: Quartus II Analysis & Synthesis was successful. 0 errors, 11 warnings
    Info: Peak virtual memory: 277 megabytes
    Info: Processing ended: Tue Nov 07 12:19:04 2017
    Info: Elapsed time: 00:00:02
    Info: Total CPU time (on all processors): 00:00:02


