Classic Timing Analyzer report for Board_7segment_decoder
Sat Dec 09 17:45:36 2017
Quartus II Version 9.1 Build 222 10/21/2009 SJ Web Edition


---------------------
; Table of Contents ;
---------------------
  1. Legal Notice
  2. Timing Analyzer Summary
  3. Timing Analyzer Settings
  4. Parallel Compilation
  5. tpd
  6. Timing Analyzer Messages



----------------
; Legal Notice ;
----------------
Copyright (C) 1991-2009 Altera Corporation
Your use of Altera Corporation's design tools, logic functions 
and other software and tools, and its AMPP partner logic 
functions, and any output files from any of the foregoing 
(including device programming or simulation files), and any 
associated documentation or information are expressly subject 
to the terms and conditions of the Altera Program License 
Subscription Agreement, Altera MegaCore Function License 
Agreement, or other applicable license agreement, including, 
without limitation, that your use is for the sole purpose of 
programming logic devices manufactured by Altera and sold by 
Altera or its authorized distributors.  Please refer to the 
applicable agreement for further details.



+----------------------------------------------------------------------------------------------------------------------------------+
; Timing Analyzer Summary                                                                                                          ;
+------------------------------+-------+---------------+-------------+-------+--------------+------------+----------+--------------+
; Type                         ; Slack ; Required Time ; Actual Time ; From  ; To           ; From Clock ; To Clock ; Failed Paths ;
+------------------------------+-------+---------------+-------------+-------+--------------+------------+----------+--------------+
; Worst-case tpd               ; N/A   ; None          ; 50.277 ns   ; sw[3] ; segment_1[5] ; --         ; --       ; 0            ;
; Total number of failed paths ;       ;               ;             ;       ;              ;            ;          ; 0            ;
+------------------------------+-------+---------------+-------------+-------+--------------+------------+----------+--------------+


+-----------------------------------------------------------------------------------------------------------------------------------------------------+
; Timing Analyzer Settings                                                                                                                            ;
+------------------------------------------------------------------------------------------------------+--------------------+------+----+-------------+
; Option                                                                                               ; Setting            ; From ; To ; Entity Name ;
+------------------------------------------------------------------------------------------------------+--------------------+------+----+-------------+
; Device Name                                                                                          ; EP2C20F484C7       ;      ;    ;             ;
; Timing Models                                                                                        ; Final              ;      ;    ;             ;
; Default hold multicycle                                                                              ; Same as Multicycle ;      ;    ;             ;
; Cut paths between unrelated clock domains                                                            ; On                 ;      ;    ;             ;
; Cut off read during write signal paths                                                               ; On                 ;      ;    ;             ;
; Cut off feedback from I/O pins                                                                       ; On                 ;      ;    ;             ;
; Report Combined Fast/Slow Timing                                                                     ; Off                ;      ;    ;             ;
; Ignore Clock Settings                                                                                ; Off                ;      ;    ;             ;
; Analyze latches as synchronous elements                                                              ; On                 ;      ;    ;             ;
; Enable Recovery/Removal analysis                                                                     ; Off                ;      ;    ;             ;
; Enable Clock Latency                                                                                 ; Off                ;      ;    ;             ;
; Use TimeQuest Timing Analyzer                                                                        ; Off                ;      ;    ;             ;
; Minimum Core Junction Temperature                                                                    ; 0                  ;      ;    ;             ;
; Maximum Core Junction Temperature                                                                    ; 85                 ;      ;    ;             ;
; Number of source nodes to report per destination node                                                ; 10                 ;      ;    ;             ;
; Number of destination nodes to report                                                                ; 10                 ;      ;    ;             ;
; Number of paths to report                                                                            ; 200                ;      ;    ;             ;
; Report Minimum Timing Checks                                                                         ; Off                ;      ;    ;             ;
; Use Fast Timing Models                                                                               ; Off                ;      ;    ;             ;
; Report IO Paths Separately                                                                           ; Off                ;      ;    ;             ;
; Perform Multicorner Analysis                                                                         ; On                 ;      ;    ;             ;
; Reports the worst-case path for each clock domain and analysis                                       ; Off                ;      ;    ;             ;
; Reports worst-case timing paths for each clock domain and analysis                                   ; On                 ;      ;    ;             ;
; Specifies the maximum number of worst-case timing paths to report for each clock domain and analysis ; 100                ;      ;    ;             ;
; Removes common clock path pessimism (CCPP) during slack computation                                  ; Off                ;      ;    ;             ;
; Output I/O Timing Endpoint                                                                           ; Near End           ;      ;    ;             ;
+------------------------------------------------------------------------------------------------------+--------------------+------+----+-------------+


Parallel compilation was disabled, but you have multiple processors available. Enable parallel compilation to reduce compilation time.
+-------------------------------------+
; Parallel Compilation                ;
+----------------------------+--------+
; Processors                 ; Number ;
+----------------------------+--------+
; Number detected on machine ; 2      ;
; Maximum allowed            ; 1      ;
+----------------------------+--------+


+-------------------------------------------------------------------------------------------------------------------------------------------+
; tpd                                                                                                                                       ;
+-----------------------------------------+-----------------------------------------------------+-----------------+-------+-----------------+
; Slack                                   ; Required P2P Time                                   ; Actual P2P Time ; From  ; To              ;
+-----------------------------------------+-----------------------------------------------------+-----------------+-------+-----------------+
; N/A                                     ; None                                                ; 50.277 ns       ; sw[3] ; segment_1[5]    ;
; N/A                                     ; None                                                ; 50.276 ns       ; sw[3] ; segment_1[6]    ;
; N/A                                     ; None                                                ; 50.241 ns       ; sw[3] ; segment_1[1]    ;
; N/A                                     ; None                                                ; 50.172 ns       ; sw[4] ; segment_1[5]    ;
; N/A                                     ; None                                                ; 50.171 ns       ; sw[4] ; segment_1[6]    ;
; N/A                                     ; None                                                ; 50.158 ns       ; sw[3] ; segment_1[4]    ;
; N/A                                     ; None                                                ; 50.136 ns       ; sw[4] ; segment_1[1]    ;
; N/A                                     ; None                                                ; 50.127 ns       ; sw[3] ; segment_1[0]    ;
; N/A                                     ; None                                                ; 50.123 ns       ; sw[5] ; segment_1[5]    ;
; N/A                                     ; None                                                ; 50.122 ns       ; sw[5] ; segment_1[6]    ;
; N/A                                     ; None                                                ; 50.087 ns       ; sw[5] ; segment_1[1]    ;
; N/A                                     ; None                                                ; 50.053 ns       ; sw[4] ; segment_1[4]    ;
; N/A                                     ; None                                                ; 50.022 ns       ; sw[4] ; segment_1[0]    ;
; N/A                                     ; None                                                ; 50.004 ns       ; sw[5] ; segment_1[4]    ;
; N/A                                     ; None                                                ; 49.998 ns       ; sw[6] ; segment_1[5]    ;
; N/A                                     ; None                                                ; 49.997 ns       ; sw[6] ; segment_1[6]    ;
; N/A                                     ; None                                                ; 49.973 ns       ; sw[5] ; segment_1[0]    ;
; N/A                                     ; None                                                ; 49.962 ns       ; sw[6] ; segment_1[1]    ;
; N/A                                     ; None                                                ; 49.932 ns       ; sw[3] ; segment_1[3]    ;
; N/A                                     ; None                                                ; 49.879 ns       ; sw[6] ; segment_1[4]    ;
; N/A                                     ; None                                                ; 49.848 ns       ; sw[6] ; segment_1[0]    ;
; N/A                                     ; None                                                ; 49.827 ns       ; sw[4] ; segment_1[3]    ;
; N/A                                     ; None                                                ; 49.778 ns       ; sw[5] ; segment_1[3]    ;
; N/A                                     ; None                                                ; 49.653 ns       ; sw[6] ; segment_1[3]    ;
; N/A                                     ; None                                                ; 49.400 ns       ; sw[7] ; segment_1[5]    ;
; N/A                                     ; None                                                ; 49.399 ns       ; sw[7] ; segment_1[6]    ;
; N/A                                     ; None                                                ; 49.375 ns       ; sw[8] ; segment_1[5]    ;
; N/A                                     ; None                                                ; 49.374 ns       ; sw[8] ; segment_1[6]    ;
; N/A                                     ; None                                                ; 49.364 ns       ; sw[7] ; segment_1[1]    ;
; N/A                                     ; None                                                ; 49.339 ns       ; sw[8] ; segment_1[1]    ;
; N/A                                     ; None                                                ; 49.292 ns       ; sw[3] ; segment_1[2]    ;
; N/A                                     ; None                                                ; 49.281 ns       ; sw[7] ; segment_1[4]    ;
; N/A                                     ; None                                                ; 49.256 ns       ; sw[8] ; segment_1[4]    ;
; N/A                                     ; None                                                ; 49.250 ns       ; sw[9] ; segment_1[5]    ;
; N/A                                     ; None                                                ; 49.250 ns       ; sw[7] ; segment_1[0]    ;
; N/A                                     ; None                                                ; 49.249 ns       ; sw[9] ; segment_1[6]    ;
; N/A                                     ; None                                                ; 49.225 ns       ; sw[8] ; segment_1[0]    ;
; N/A                                     ; None                                                ; 49.214 ns       ; sw[9] ; segment_1[1]    ;
; N/A                                     ; None                                                ; 49.187 ns       ; sw[4] ; segment_1[2]    ;
; N/A                                     ; None                                                ; 49.138 ns       ; sw[5] ; segment_1[2]    ;
; N/A                                     ; None                                                ; 49.131 ns       ; sw[9] ; segment_1[4]    ;
; N/A                                     ; None                                                ; 49.100 ns       ; sw[9] ; segment_1[0]    ;
; N/A                                     ; None                                                ; 49.055 ns       ; sw[7] ; segment_1[3]    ;
; N/A                                     ; None                                                ; 49.030 ns       ; sw[8] ; segment_1[3]    ;
; N/A                                     ; None                                                ; 49.013 ns       ; sw[6] ; segment_1[2]    ;
; N/A                                     ; None                                                ; 48.905 ns       ; sw[9] ; segment_1[3]    ;
; N/A                                     ; None                                                ; 48.454 ns       ; sw[3] ; segment_10[6]   ;
; N/A                                     ; None                                                ; 48.451 ns       ; sw[3] ; segment_10[5]   ;
; N/A                                     ; None                                                ; 48.415 ns       ; sw[7] ; segment_1[2]    ;
; N/A                                     ; None                                                ; 48.413 ns       ; sw[3] ; segment_10[1]   ;
; N/A                                     ; None                                                ; 48.403 ns       ; sw[3] ; segment_10[2]   ;
; N/A                                     ; None                                                ; 48.393 ns       ; sw[3] ; segment_10[4]   ;
; N/A                                     ; None                                                ; 48.390 ns       ; sw[8] ; segment_1[2]    ;
; N/A                                     ; None                                                ; 48.385 ns       ; sw[3] ; segment_10[3]   ;
; N/A                                     ; None                                                ; 48.349 ns       ; sw[4] ; segment_10[6]   ;
; N/A                                     ; None                                                ; 48.346 ns       ; sw[4] ; segment_10[5]   ;
; N/A                                     ; None                                                ; 48.308 ns       ; sw[4] ; segment_10[1]   ;
; N/A                                     ; None                                                ; 48.300 ns       ; sw[5] ; segment_10[6]   ;
; N/A                                     ; None                                                ; 48.298 ns       ; sw[4] ; segment_10[2]   ;
; N/A                                     ; None                                                ; 48.297 ns       ; sw[5] ; segment_10[5]   ;
; N/A                                     ; None                                                ; 48.288 ns       ; sw[4] ; segment_10[4]   ;
; N/A                                     ; None                                                ; 48.280 ns       ; sw[4] ; segment_10[3]   ;
; N/A                                     ; None                                                ; 48.265 ns       ; sw[9] ; segment_1[2]    ;
; N/A                                     ; None                                                ; 48.259 ns       ; sw[5] ; segment_10[1]   ;
; N/A                                     ; None                                                ; 48.249 ns       ; sw[5] ; segment_10[2]   ;
; N/A                                     ; None                                                ; 48.239 ns       ; sw[5] ; segment_10[4]   ;
; N/A                                     ; None                                                ; 48.231 ns       ; sw[5] ; segment_10[3]   ;
; N/A                                     ; None                                                ; 48.175 ns       ; sw[6] ; segment_10[6]   ;
; N/A                                     ; None                                                ; 48.172 ns       ; sw[6] ; segment_10[5]   ;
; N/A                                     ; None                                                ; 48.134 ns       ; sw[6] ; segment_10[1]   ;
; N/A                                     ; None                                                ; 48.124 ns       ; sw[6] ; segment_10[2]   ;
; N/A                                     ; None                                                ; 48.114 ns       ; sw[6] ; segment_10[4]   ;
; N/A                                     ; None                                                ; 48.106 ns       ; sw[6] ; segment_10[3]   ;
; N/A                                     ; None                                                ; 48.101 ns       ; sw[3] ; segment_10[0]   ;
; N/A                                     ; None                                                ; 47.996 ns       ; sw[4] ; segment_10[0]   ;
; N/A                                     ; None                                                ; 47.947 ns       ; sw[5] ; segment_10[0]   ;
; N/A                                     ; None                                                ; 47.822 ns       ; sw[6] ; segment_10[0]   ;
; N/A                                     ; None                                                ; 47.577 ns       ; sw[7] ; segment_10[6]   ;
; N/A                                     ; None                                                ; 47.574 ns       ; sw[7] ; segment_10[5]   ;
; N/A                                     ; None                                                ; 47.552 ns       ; sw[8] ; segment_10[6]   ;
; N/A                                     ; None                                                ; 47.549 ns       ; sw[8] ; segment_10[5]   ;
; N/A                                     ; None                                                ; 47.536 ns       ; sw[7] ; segment_10[1]   ;
; N/A                                     ; None                                                ; 47.526 ns       ; sw[7] ; segment_10[2]   ;
; N/A                                     ; None                                                ; 47.516 ns       ; sw[7] ; segment_10[4]   ;
; N/A                                     ; None                                                ; 47.511 ns       ; sw[8] ; segment_10[1]   ;
; N/A                                     ; None                                                ; 47.508 ns       ; sw[7] ; segment_10[3]   ;
; N/A                                     ; None                                                ; 47.501 ns       ; sw[8] ; segment_10[2]   ;
; N/A                                     ; None                                                ; 47.491 ns       ; sw[8] ; segment_10[4]   ;
; N/A                                     ; None                                                ; 47.483 ns       ; sw[8] ; segment_10[3]   ;
; N/A                                     ; None                                                ; 47.427 ns       ; sw[9] ; segment_10[6]   ;
; N/A                                     ; None                                                ; 47.424 ns       ; sw[9] ; segment_10[5]   ;
; N/A                                     ; None                                                ; 47.386 ns       ; sw[9] ; segment_10[1]   ;
; N/A                                     ; None                                                ; 47.376 ns       ; sw[9] ; segment_10[2]   ;
; N/A                                     ; None                                                ; 47.366 ns       ; sw[9] ; segment_10[4]   ;
; N/A                                     ; None                                                ; 47.358 ns       ; sw[9] ; segment_10[3]   ;
; N/A                                     ; None                                                ; 47.224 ns       ; sw[7] ; segment_10[0]   ;
; N/A                                     ; None                                                ; 47.199 ns       ; sw[8] ; segment_10[0]   ;
; N/A                                     ; None                                                ; 47.074 ns       ; sw[9] ; segment_10[0]   ;
; N/A                                     ; None                                                ; 31.934 ns       ; sw[2] ; segment_1[5]    ;
; N/A                                     ; None                                                ; 31.933 ns       ; sw[2] ; segment_1[6]    ;
; N/A                                     ; None                                                ; 31.898 ns       ; sw[2] ; segment_1[1]    ;
; N/A                                     ; None                                                ; 31.815 ns       ; sw[2] ; segment_1[4]    ;
; N/A                                     ; None                                                ; 31.784 ns       ; sw[2] ; segment_1[0]    ;
; N/A                                     ; None                                                ; 31.761 ns       ; sw[3] ; segment_100[6]  ;
; N/A                                     ; None                                                ; 31.656 ns       ; sw[4] ; segment_100[6]  ;
; N/A                                     ; None                                                ; 31.607 ns       ; sw[5] ; segment_100[6]  ;
; N/A                                     ; None                                                ; 31.589 ns       ; sw[2] ; segment_1[3]    ;
; N/A                                     ; None                                                ; 31.482 ns       ; sw[6] ; segment_100[6]  ;
; N/A                                     ; None                                                ; 31.250 ns       ; sw[3] ; segment_100[5]  ;
; N/A                                     ; None                                                ; 31.247 ns       ; sw[3] ; segment_100[4]  ;
; N/A                                     ; None                                                ; 31.145 ns       ; sw[4] ; segment_100[5]  ;
; N/A                                     ; None                                                ; 31.142 ns       ; sw[4] ; segment_100[4]  ;
; N/A                                     ; None                                                ; 31.096 ns       ; sw[5] ; segment_100[5]  ;
; N/A                                     ; None                                                ; 31.093 ns       ; sw[5] ; segment_100[4]  ;
; N/A                                     ; None                                                ; 30.971 ns       ; sw[6] ; segment_100[5]  ;
; N/A                                     ; None                                                ; 30.968 ns       ; sw[6] ; segment_100[4]  ;
; N/A                                     ; None                                                ; 30.949 ns       ; sw[2] ; segment_1[2]    ;
; N/A                                     ; None                                                ; 30.884 ns       ; sw[7] ; segment_100[6]  ;
; N/A                                     ; None                                                ; 30.859 ns       ; sw[8] ; segment_100[6]  ;
; N/A                                     ; None                                                ; 30.734 ns       ; sw[9] ; segment_100[6]  ;
; N/A                                     ; None                                                ; 30.575 ns       ; sw[3] ; segment_100[3]  ;
; N/A                                     ; None                                                ; 30.574 ns       ; sw[3] ; segment_100[1]  ;
; N/A                                     ; None                                                ; 30.470 ns       ; sw[4] ; segment_100[3]  ;
; N/A                                     ; None                                                ; 30.469 ns       ; sw[4] ; segment_100[1]  ;
; N/A                                     ; None                                                ; 30.421 ns       ; sw[5] ; segment_100[3]  ;
; N/A                                     ; None                                                ; 30.420 ns       ; sw[5] ; segment_100[1]  ;
; N/A                                     ; None                                                ; 30.373 ns       ; sw[7] ; segment_100[5]  ;
; N/A                                     ; None                                                ; 30.370 ns       ; sw[7] ; segment_100[4]  ;
; N/A                                     ; None                                                ; 30.348 ns       ; sw[8] ; segment_100[5]  ;
; N/A                                     ; None                                                ; 30.345 ns       ; sw[8] ; segment_100[4]  ;
; N/A                                     ; None                                                ; 30.296 ns       ; sw[6] ; segment_100[3]  ;
; N/A                                     ; None                                                ; 30.295 ns       ; sw[6] ; segment_100[1]  ;
; N/A                                     ; None                                                ; 30.223 ns       ; sw[9] ; segment_100[5]  ;
; N/A                                     ; None                                                ; 30.220 ns       ; sw[9] ; segment_100[4]  ;
; N/A                                     ; None                                                ; 30.111 ns       ; sw[2] ; segment_10[6]   ;
; N/A                                     ; None                                                ; 30.108 ns       ; sw[2] ; segment_10[5]   ;
; N/A                                     ; None                                                ; 30.070 ns       ; sw[2] ; segment_10[1]   ;
; N/A                                     ; None                                                ; 30.060 ns       ; sw[2] ; segment_10[2]   ;
; N/A                                     ; None                                                ; 30.050 ns       ; sw[2] ; segment_10[4]   ;
; N/A                                     ; None                                                ; 30.042 ns       ; sw[2] ; segment_10[3]   ;
; N/A                                     ; None                                                ; 29.758 ns       ; sw[2] ; segment_10[0]   ;
; N/A                                     ; None                                                ; 29.700 ns       ; sw[3] ; segment_100[2]  ;
; N/A                                     ; None                                                ; 29.698 ns       ; sw[7] ; segment_100[3]  ;
; N/A                                     ; None                                                ; 29.697 ns       ; sw[7] ; segment_100[1]  ;
; N/A                                     ; None                                                ; 29.673 ns       ; sw[8] ; segment_100[3]  ;
; N/A                                     ; None                                                ; 29.672 ns       ; sw[8] ; segment_100[1]  ;
; N/A                                     ; None                                                ; 29.595 ns       ; sw[4] ; segment_100[2]  ;
; N/A                                     ; None                                                ; 29.548 ns       ; sw[9] ; segment_100[3]  ;
; N/A                                     ; None                                                ; 29.547 ns       ; sw[9] ; segment_100[1]  ;
; N/A                                     ; None                                                ; 29.546 ns       ; sw[5] ; segment_100[2]  ;
; N/A                                     ; None                                                ; 29.421 ns       ; sw[6] ; segment_100[2]  ;
; N/A                                     ; None                                                ; 29.409 ns       ; sw[3] ; segment_100[0]  ;
; N/A                                     ; None                                                ; 29.304 ns       ; sw[4] ; segment_100[0]  ;
; N/A                                     ; None                                                ; 29.255 ns       ; sw[5] ; segment_100[0]  ;
; N/A                                     ; None                                                ; 29.130 ns       ; sw[6] ; segment_100[0]  ;
; N/A                                     ; None                                                ; 28.823 ns       ; sw[7] ; segment_100[2]  ;
; N/A                                     ; None                                                ; 28.798 ns       ; sw[8] ; segment_100[2]  ;
; N/A                                     ; None                                                ; 28.673 ns       ; sw[9] ; segment_100[2]  ;
; N/A                                     ; None                                                ; 28.532 ns       ; sw[7] ; segment_100[0]  ;
; N/A                                     ; None                                                ; 28.507 ns       ; sw[8] ; segment_100[0]  ;
; N/A                                     ; None                                                ; 28.382 ns       ; sw[9] ; segment_100[0]  ;
; N/A                                     ; None                                                ; 17.031 ns       ; sw[1] ; segment_1[5]    ;
; N/A                                     ; None                                                ; 17.030 ns       ; sw[1] ; segment_1[6]    ;
; N/A                                     ; None                                                ; 16.995 ns       ; sw[1] ; segment_1[1]    ;
; N/A                                     ; None                                                ; 16.912 ns       ; sw[1] ; segment_1[4]    ;
; N/A                                     ; None                                                ; 16.881 ns       ; sw[1] ; segment_1[0]    ;
; N/A                                     ; None                                                ; 16.686 ns       ; sw[1] ; segment_1[3]    ;
; N/A                                     ; None                                                ; 16.046 ns       ; sw[1] ; segment_1[2]    ;
; N/A                                     ; None                                                ; 15.208 ns       ; sw[1] ; segment_10[6]   ;
; N/A                                     ; None                                                ; 15.205 ns       ; sw[1] ; segment_10[5]   ;
; N/A                                     ; None                                                ; 15.167 ns       ; sw[1] ; segment_10[1]   ;
; N/A                                     ; None                                                ; 15.157 ns       ; sw[1] ; segment_10[2]   ;
; N/A                                     ; None                                                ; 15.147 ns       ; sw[1] ; segment_10[4]   ;
; N/A                                     ; None                                                ; 15.139 ns       ; sw[1] ; segment_10[3]   ;
; N/A                                     ; None                                                ; 14.855 ns       ; sw[1] ; segment_10[0]   ;
; N/A                                     ; None                                                ; 13.418 ns       ; sw[2] ; segment_100[6]  ;
; N/A                                     ; None                                                ; 12.907 ns       ; sw[2] ; segment_100[5]  ;
; N/A                                     ; None                                                ; 12.904 ns       ; sw[2] ; segment_100[4]  ;
; N/A                                     ; None                                                ; 12.232 ns       ; sw[2] ; segment_100[3]  ;
; N/A                                     ; None                                                ; 12.231 ns       ; sw[2] ; segment_100[1]  ;
; N/A                                     ; None                                                ; 11.357 ns       ; sw[2] ; segment_100[2]  ;
; N/A                                     ; None                                                ; 11.066 ns       ; sw[2] ; segment_100[0]  ;
; N/A                                     ; None                                                ; 9.974 ns        ; sw[3] ; segment_1000[5] ;
; N/A                                     ; None                                                ; 9.970 ns        ; sw[3] ; segment_1000[0] ;
; N/A                                     ; None                                                ; 9.915 ns        ; sw[3] ; segment_1000[3] ;
; N/A                                     ; None                                                ; 9.869 ns        ; sw[4] ; segment_1000[5] ;
; N/A                                     ; None                                                ; 9.865 ns        ; sw[4] ; segment_1000[0] ;
; N/A                                     ; None                                                ; 9.820 ns        ; sw[5] ; segment_1000[5] ;
; N/A                                     ; None                                                ; 9.816 ns        ; sw[5] ; segment_1000[0] ;
; N/A                                     ; None                                                ; 9.810 ns        ; sw[4] ; segment_1000[3] ;
; N/A                                     ; None                                                ; 9.761 ns        ; sw[5] ; segment_1000[3] ;
; N/A                                     ; None                                                ; 9.695 ns        ; sw[6] ; segment_1000[5] ;
; N/A                                     ; None                                                ; 9.691 ns        ; sw[6] ; segment_1000[0] ;
; N/A                                     ; None                                                ; 9.636 ns        ; sw[6] ; segment_1000[3] ;
; N/A                                     ; None                                                ; 9.347 ns        ; sw[3] ; segment_1000[4] ;
; N/A                                     ; None                                                ; 9.242 ns        ; sw[4] ; segment_1000[4] ;
; N/A                                     ; None                                                ; 9.193 ns        ; sw[5] ; segment_1000[4] ;
; N/A                                     ; None                                                ; 9.097 ns        ; sw[7] ; segment_1000[5] ;
; N/A                                     ; None                                                ; 9.093 ns        ; sw[7] ; segment_1000[0] ;
; N/A                                     ; None                                                ; 9.072 ns        ; sw[8] ; segment_1000[5] ;
; Timing analysis restricted to 200 rows. ; To change the limit use Settings (Assignments menu) ;                 ;       ;                 ;
+-----------------------------------------+-----------------------------------------------------+-----------------+-------+-----------------+


+--------------------------+
; Timing Analyzer Messages ;
+--------------------------+
Info: *******************************************************************
Info: Running Quartus II Classic Timing Analyzer
    Info: Version 9.1 Build 222 10/21/2009 SJ Web Edition
    Info: Processing started: Sat Dec 09 17:45:36 2017
Info: Command: quartus_tan --read_settings_files=off --write_settings_files=off Board_7segment_decoder -c Board_7segment_decoder --timing_analysis_only
Info: Longest tpd from source pin "sw[3]" to destination pin "segment_1[5]" is 50.277 ns
    Info: 1: + IC(0.000 ns) + CELL(1.006 ns) = 1.006 ns; Loc. = PIN_V12; Fanout = 3; PIN Node = 'sw[3]'
    Info: 2: + IC(1.812 ns) + CELL(0.517 ns) = 3.335 ns; Loc. = LCCOMB_X16_Y12_N0; Fanout = 1; COMB Node = 'lpm_divide:Div0|lpm_divide_nfm:auto_generated|sign_div_unsign_1nh:divider|alt_u_div_45f:divider|add_sub_9_result_int[3]~1'
    Info: 3: + IC(0.000 ns) + CELL(0.080 ns) = 3.415 ns; Loc. = LCCOMB_X16_Y12_N2; Fanout = 1; COMB Node = 'lpm_divide:Div0|lpm_divide_nfm:auto_generated|sign_div_unsign_1nh:divider|alt_u_div_45f:divider|add_sub_9_result_int[4]~3'
    Info: 4: + IC(0.000 ns) + CELL(0.080 ns) = 3.495 ns; Loc. = LCCOMB_X16_Y12_N4; Fanout = 1; COMB Node = 'lpm_divide:Div0|lpm_divide_nfm:auto_generated|sign_div_unsign_1nh:divider|alt_u_div_45f:divider|add_sub_9_result_int[5]~5'
    Info: 5: + IC(0.000 ns) + CELL(0.080 ns) = 3.575 ns; Loc. = LCCOMB_X16_Y12_N6; Fanout = 1; COMB Node = 'lpm_divide:Div0|lpm_divide_nfm:auto_generated|sign_div_unsign_1nh:divider|alt_u_div_45f:divider|add_sub_9_result_int[6]~7'
    Info: 6: + IC(0.000 ns) + CELL(0.080 ns) = 3.655 ns; Loc. = LCCOMB_X16_Y12_N8; Fanout = 1; COMB Node = 'lpm_divide:Div0|lpm_divide_nfm:auto_generated|sign_div_unsign_1nh:divider|alt_u_div_45f:divider|add_sub_9_result_int[7]~9'
    Info: 7: + IC(0.000 ns) + CELL(0.080 ns) = 3.735 ns; Loc. = LCCOMB_X16_Y12_N10; Fanout = 1; COMB Node = 'lpm_divide:Div0|lpm_divide_nfm:auto_generated|sign_div_unsign_1nh:divider|alt_u_div_45f:divider|add_sub_9_result_int[8]~11'
    Info: 8: + IC(0.000 ns) + CELL(0.080 ns) = 3.815 ns; Loc. = LCCOMB_X16_Y12_N12; Fanout = 1; COMB Node = 'lpm_divide:Div0|lpm_divide_nfm:auto_generated|sign_div_unsign_1nh:divider|alt_u_div_45f:divider|add_sub_9_result_int[9]~13'
    Info: 9: + IC(0.000 ns) + CELL(0.458 ns) = 4.273 ns; Loc. = LCCOMB_X16_Y12_N14; Fanout = 15; COMB Node = 'lpm_divide:Div0|lpm_divide_nfm:auto_generated|sign_div_unsign_1nh:divider|alt_u_div_45f:divider|add_sub_9_result_int[10]~14'
    Info: 10: + IC(0.503 ns) + CELL(0.517 ns) = 5.293 ns; Loc. = LCCOMB_X16_Y12_N20; Fanout = 2; COMB Node = 'mod_1000[5]~5'
    Info: 11: + IC(0.000 ns) + CELL(0.080 ns) = 5.373 ns; Loc. = LCCOMB_X16_Y12_N22; Fanout = 2; COMB Node = 'mod_1000[6]~7'
    Info: 12: + IC(0.000 ns) + CELL(0.458 ns) = 5.831 ns; Loc. = LCCOMB_X16_Y12_N24; Fanout = 4; COMB Node = 'mod_1000[7]~8'
    Info: 13: + IC(2.395 ns) + CELL(0.495 ns) = 8.721 ns; Loc. = LCCOMB_X31_Y15_N8; Fanout = 2; COMB Node = 'lpm_divide:Div1|lpm_divide_dem:auto_generated|sign_div_unsign_nlh:divider|alt_u_div_g2f:divider|add_sub_6_result_int[4]~5'
    Info: 14: + IC(0.000 ns) + CELL(0.080 ns) = 8.801 ns; Loc. = LCCOMB_X31_Y15_N10; Fanout = 2; COMB Node = 'lpm_divide:Div1|lpm_divide_dem:auto_generated|sign_div_unsign_nlh:divider|alt_u_div_g2f:divider|add_sub_6_result_int[5]~7'
    Info: 15: + IC(0.000 ns) + CELL(0.080 ns) = 8.881 ns; Loc. = LCCOMB_X31_Y15_N12; Fanout = 1; COMB Node = 'lpm_divide:Div1|lpm_divide_dem:auto_generated|sign_div_unsign_nlh:divider|alt_u_div_g2f:divider|add_sub_6_result_int[6]~9'
    Info: 16: + IC(0.000 ns) + CELL(0.458 ns) = 9.339 ns; Loc. = LCCOMB_X31_Y15_N14; Fanout = 25; COMB Node = 'lpm_divide:Div1|lpm_divide_dem:auto_generated|sign_div_unsign_nlh:divider|alt_u_div_g2f:divider|add_sub_6_result_int[7]~10'
    Info: 17: + IC(2.127 ns) + CELL(0.178 ns) = 11.644 ns; Loc. = LCCOMB_X16_Y12_N30; Fanout = 1; COMB Node = 'lpm_divide:Div1|lpm_divide_dem:auto_generated|sign_div_unsign_nlh:divider|alt_u_div_g2f:divider|StageOut[54]~54'
    Info: 18: + IC(2.061 ns) + CELL(0.517 ns) = 14.222 ns; Loc. = LCCOMB_X30_Y15_N26; Fanout = 1; COMB Node = 'lpm_divide:Div1|lpm_divide_dem:auto_generated|sign_div_unsign_nlh:divider|alt_u_div_g2f:divider|add_sub_7_result_int[7]~11'
    Info: 19: + IC(0.000 ns) + CELL(0.458 ns) = 14.680 ns; Loc. = LCCOMB_X30_Y15_N28; Fanout = 25; COMB Node = 'lpm_divide:Div1|lpm_divide_dem:auto_generated|sign_div_unsign_nlh:divider|alt_u_div_g2f:divider|add_sub_7_result_int[8]~12'
    Info: 20: + IC(1.863 ns) + CELL(0.322 ns) = 16.865 ns; Loc. = LCCOMB_X26_Y13_N2; Fanout = 2; COMB Node = 'lpm_divide:Div1|lpm_divide_dem:auto_generated|sign_div_unsign_nlh:divider|alt_u_div_g2f:divider|StageOut[57]~73'
    Info: 21: + IC(1.181 ns) + CELL(0.517 ns) = 18.563 ns; Loc. = LCCOMB_X30_Y14_N6; Fanout = 2; COMB Node = 'lpm_divide:Div1|lpm_divide_dem:auto_generated|sign_div_unsign_nlh:divider|alt_u_div_g2f:divider|add_sub_8_result_int[2]~1'
    Info: 22: + IC(0.000 ns) + CELL(0.080 ns) = 18.643 ns; Loc. = LCCOMB_X30_Y14_N8; Fanout = 2; COMB Node = 'lpm_divide:Div1|lpm_divide_dem:auto_generated|sign_div_unsign_nlh:divider|alt_u_div_g2f:divider|add_sub_8_result_int[3]~3'
    Info: 23: + IC(0.000 ns) + CELL(0.080 ns) = 18.723 ns; Loc. = LCCOMB_X30_Y14_N10; Fanout = 2; COMB Node = 'lpm_divide:Div1|lpm_divide_dem:auto_generated|sign_div_unsign_nlh:divider|alt_u_div_g2f:divider|add_sub_8_result_int[4]~5'
    Info: 24: + IC(0.000 ns) + CELL(0.080 ns) = 18.803 ns; Loc. = LCCOMB_X30_Y14_N12; Fanout = 2; COMB Node = 'lpm_divide:Div1|lpm_divide_dem:auto_generated|sign_div_unsign_nlh:divider|alt_u_div_g2f:divider|add_sub_8_result_int[5]~7'
    Info: 25: + IC(0.000 ns) + CELL(0.174 ns) = 18.977 ns; Loc. = LCCOMB_X30_Y14_N14; Fanout = 1; COMB Node = 'lpm_divide:Div1|lpm_divide_dem:auto_generated|sign_div_unsign_nlh:divider|alt_u_div_g2f:divider|add_sub_8_result_int[6]~9'
    Info: 26: + IC(0.000 ns) + CELL(0.080 ns) = 19.057 ns; Loc. = LCCOMB_X30_Y14_N16; Fanout = 1; COMB Node = 'lpm_divide:Div1|lpm_divide_dem:auto_generated|sign_div_unsign_nlh:divider|alt_u_div_g2f:divider|add_sub_8_result_int[7]~11'
    Info: 27: + IC(0.000 ns) + CELL(0.458 ns) = 19.515 ns; Loc. = LCCOMB_X30_Y14_N18; Fanout = 22; COMB Node = 'lpm_divide:Div1|lpm_divide_dem:auto_generated|sign_div_unsign_nlh:divider|alt_u_div_g2f:divider|add_sub_8_result_int[8]~12'
    Info: 28: + IC(0.900 ns) + CELL(0.545 ns) = 20.960 ns; Loc. = LCCOMB_X30_Y15_N14; Fanout = 1; COMB Node = 'lpm_divide:Div1|lpm_divide_dem:auto_generated|sign_div_unsign_nlh:divider|alt_u_div_g2f:divider|StageOut[67]~88'
    Info: 29: + IC(0.916 ns) + CELL(0.517 ns) = 22.393 ns; Loc. = LCCOMB_X29_Y14_N18; Fanout = 1; COMB Node = 'lpm_divide:Div1|lpm_divide_dem:auto_generated|sign_div_unsign_nlh:divider|alt_u_div_g2f:divider|add_sub_9_result_int[4]~5'
    Info: 30: + IC(0.000 ns) + CELL(0.080 ns) = 22.473 ns; Loc. = LCCOMB_X29_Y14_N20; Fanout = 1; COMB Node = 'lpm_divide:Div1|lpm_divide_dem:auto_generated|sign_div_unsign_nlh:divider|alt_u_div_g2f:divider|add_sub_9_result_int[5]~7'
    Info: 31: + IC(0.000 ns) + CELL(0.080 ns) = 22.553 ns; Loc. = LCCOMB_X29_Y14_N22; Fanout = 1; COMB Node = 'lpm_divide:Div1|lpm_divide_dem:auto_generated|sign_div_unsign_nlh:divider|alt_u_div_g2f:divider|add_sub_9_result_int[6]~9'
    Info: 32: + IC(0.000 ns) + CELL(0.080 ns) = 22.633 ns; Loc. = LCCOMB_X29_Y14_N24; Fanout = 1; COMB Node = 'lpm_divide:Div1|lpm_divide_dem:auto_generated|sign_div_unsign_nlh:divider|alt_u_div_g2f:divider|add_sub_9_result_int[7]~11'
    Info: 33: + IC(0.000 ns) + CELL(0.458 ns) = 23.091 ns; Loc. = LCCOMB_X29_Y14_N26; Fanout = 11; COMB Node = 'lpm_divide:Div1|lpm_divide_dem:auto_generated|sign_div_unsign_nlh:divider|alt_u_div_g2f:divider|add_sub_9_result_int[8]~12'
    Info: 34: + IC(1.233 ns) + CELL(0.545 ns) = 24.869 ns; Loc. = LCCOMB_X26_Y13_N12; Fanout = 2; COMB Node = 'lpm_mult:Mult1|multcore:mult_core|romout[0][5]~1'
    Info: 35: + IC(0.538 ns) + CELL(0.495 ns) = 25.902 ns; Loc. = LCCOMB_X25_Y13_N6; Fanout = 1; COMB Node = 'Add1~7'
    Info: 36: + IC(0.000 ns) + CELL(0.458 ns) = 26.360 ns; Loc. = LCCOMB_X25_Y13_N8; Fanout = 3; COMB Node = 'Add1~8'
    Info: 37: + IC(0.313 ns) + CELL(0.495 ns) = 27.168 ns; Loc. = LCCOMB_X25_Y13_N20; Fanout = 1; COMB Node = 'lpm_divide:Div2|lpm_divide_0dm:auto_generated|sign_div_unsign_akh:divider|alt_u_div_mve:divider|add_sub_3_result_int[3]~5'
    Info: 38: + IC(0.000 ns) + CELL(0.458 ns) = 27.626 ns; Loc. = LCCOMB_X25_Y13_N22; Fanout = 17; COMB Node = 'lpm_divide:Div2|lpm_divide_0dm:auto_generated|sign_div_unsign_akh:divider|alt_u_div_mve:divider|add_sub_3_result_int[4]~6'
    Info: 39: + IC(0.348 ns) + CELL(0.177 ns) = 28.151 ns; Loc. = LCCOMB_X25_Y13_N26; Fanout = 2; COMB Node = 'lpm_divide:Div2|lpm_divide_0dm:auto_generated|sign_div_unsign_akh:divider|alt_u_div_mve:divider|StageOut[16]~31'
    Info: 40: + IC(1.354 ns) + CELL(0.517 ns) = 30.022 ns; Loc. = LCCOMB_X25_Y14_N8; Fanout = 2; COMB Node = 'lpm_divide:Div2|lpm_divide_0dm:auto_generated|sign_div_unsign_akh:divider|alt_u_div_mve:divider|add_sub_4_result_int[2]~3'
    Info: 41: + IC(0.000 ns) + CELL(0.080 ns) = 30.102 ns; Loc. = LCCOMB_X25_Y14_N10; Fanout = 1; COMB Node = 'lpm_divide:Div2|lpm_divide_0dm:auto_generated|sign_div_unsign_akh:divider|alt_u_div_mve:divider|add_sub_4_result_int[3]~5'
    Info: 42: + IC(0.000 ns) + CELL(0.080 ns) = 30.182 ns; Loc. = LCCOMB_X25_Y14_N12; Fanout = 1; COMB Node = 'lpm_divide:Div2|lpm_divide_0dm:auto_generated|sign_div_unsign_akh:divider|alt_u_div_mve:divider|add_sub_4_result_int[4]~7'
    Info: 43: + IC(0.000 ns) + CELL(0.458 ns) = 30.640 ns; Loc. = LCCOMB_X25_Y14_N14; Fanout = 19; COMB Node = 'lpm_divide:Div2|lpm_divide_0dm:auto_generated|sign_div_unsign_akh:divider|alt_u_div_mve:divider|add_sub_4_result_int[5]~8'
    Info: 44: + IC(1.336 ns) + CELL(0.322 ns) = 32.298 ns; Loc. = LCCOMB_X25_Y13_N28; Fanout = 1; COMB Node = 'lpm_divide:Div2|lpm_divide_0dm:auto_generated|sign_div_unsign_akh:divider|alt_u_div_mve:divider|StageOut[23]~46'
    Info: 45: + IC(0.926 ns) + CELL(0.517 ns) = 33.741 ns; Loc. = LCCOMB_X25_Y15_N6; Fanout = 1; COMB Node = 'lpm_divide:Div2|lpm_divide_0dm:auto_generated|sign_div_unsign_akh:divider|alt_u_div_mve:divider|add_sub_5_result_int[4]~7'
    Info: 46: + IC(0.000 ns) + CELL(0.458 ns) = 34.199 ns; Loc. = LCCOMB_X25_Y15_N8; Fanout = 18; COMB Node = 'lpm_divide:Div2|lpm_divide_0dm:auto_generated|sign_div_unsign_akh:divider|alt_u_div_mve:divider|add_sub_5_result_int[5]~8'
    Info: 47: + IC(2.400 ns) + CELL(0.491 ns) = 37.090 ns; Loc. = LCCOMB_X1_Y20_N26; Fanout = 1; COMB Node = 'lpm_divide:Div2|lpm_divide_0dm:auto_generated|sign_div_unsign_akh:divider|alt_u_div_mve:divider|StageOut[25]~43'
    Info: 48: + IC(2.922 ns) + CELL(0.517 ns) = 40.529 ns; Loc. = LCCOMB_X25_Y15_N12; Fanout = 1; COMB Node = 'lpm_divide:Div2|lpm_divide_0dm:auto_generated|sign_div_unsign_akh:divider|alt_u_div_mve:divider|add_sub_6_result_int[1]~1'
    Info: 49: + IC(0.000 ns) + CELL(0.174 ns) = 40.703 ns; Loc. = LCCOMB_X25_Y15_N14; Fanout = 1; COMB Node = 'lpm_divide:Div2|lpm_divide_0dm:auto_generated|sign_div_unsign_akh:divider|alt_u_div_mve:divider|add_sub_6_result_int[2]~3'
    Info: 50: + IC(0.000 ns) + CELL(0.080 ns) = 40.783 ns; Loc. = LCCOMB_X25_Y15_N16; Fanout = 1; COMB Node = 'lpm_divide:Div2|lpm_divide_0dm:auto_generated|sign_div_unsign_akh:divider|alt_u_div_mve:divider|add_sub_6_result_int[3]~5'
    Info: 51: + IC(0.000 ns) + CELL(0.080 ns) = 40.863 ns; Loc. = LCCOMB_X25_Y15_N18; Fanout = 1; COMB Node = 'lpm_divide:Div2|lpm_divide_0dm:auto_generated|sign_div_unsign_akh:divider|alt_u_div_mve:divider|add_sub_6_result_int[4]~7'
    Info: 52: + IC(0.000 ns) + CELL(0.458 ns) = 41.321 ns; Loc. = LCCOMB_X25_Y15_N20; Fanout = 11; COMB Node = 'lpm_divide:Div2|lpm_divide_0dm:auto_generated|sign_div_unsign_akh:divider|alt_u_div_mve:divider|add_sub_6_result_int[5]~8'
    Info: 53: + IC(2.883 ns) + CELL(0.322 ns) = 44.526 ns; Loc. = LCCOMB_X1_Y20_N8; Fanout = 1; COMB Node = 'Add3~3'
    Info: 54: + IC(0.291 ns) + CELL(0.521 ns) = 45.338 ns; Loc. = LCCOMB_X1_Y20_N18; Fanout = 6; COMB Node = 'Add3~4'
    Info: 55: + IC(0.906 ns) + CELL(0.322 ns) = 46.566 ns; Loc. = LCCOMB_X1_Y19_N2; Fanout = 1; COMB Node = 'bcd_7segment:bcd_7segment_1|WideOr1~0'
    Info: 56: + IC(0.861 ns) + CELL(2.850 ns) = 50.277 ns; Loc. = PIN_F1; Fanout = 0; PIN Node = 'segment_1[5]'
    Info: Total cell delay = 20.208 ns ( 40.19 % )
    Info: Total interconnect delay = 30.069 ns ( 59.81 % )
Info: Quartus II Classic Timing Analyzer was successful. 0 errors, 0 warnings
    Info: Peak virtual memory: 227 megabytes
    Info: Processing ended: Sat Dec 09 17:45:37 2017
    Info: Elapsed time: 00:00:01
    Info: Total CPU time (on all processors): 00:00:00


