Classic Timing Analyzer report for bcd_7segment
Wed Sep 20 08:22:29 2017
Quartus II Version 9.1 Build 222 10/21/2009 SJ Web Edition


---------------------
; Table of Contents ;
---------------------
  1. Legal Notice
  2. Timing Analyzer Summary
  3. Timing Analyzer Settings
  4. Parallel Compilation
  5. tpd
  6. Timing Analyzer Messages



----------------
; Legal Notice ;
----------------
Copyright (C) 1991-2009 Altera Corporation
Your use of Altera Corporation's design tools, logic functions 
and other software and tools, and its AMPP partner logic 
functions, and any output files from any of the foregoing 
(including device programming or simulation files), and any 
associated documentation or information are expressly subject 
to the terms and conditions of the Altera Program License 
Subscription Agreement, Altera MegaCore Function License 
Agreement, or other applicable license agreement, including, 
without limitation, that your use is for the sole purpose of 
programming logic devices manufactured by Altera and sold by 
Altera or its authorized distributors.  Please refer to the 
applicable agreement for further details.



+---------------------------------------------------------------------------------------------------------------------------------+
; Timing Analyzer Summary                                                                                                         ;
+------------------------------+-------+---------------+-------------+--------+------------+------------+----------+--------------+
; Type                         ; Slack ; Required Time ; Actual Time ; From   ; To         ; From Clock ; To Clock ; Failed Paths ;
+------------------------------+-------+---------------+-------------+--------+------------+------------+----------+--------------+
; Worst-case tpd               ; N/A   ; None          ; 14.252 ns   ; bcd[2] ; segment[5] ; --         ; --       ; 0            ;
; Total number of failed paths ;       ;               ;             ;        ;            ;            ;          ; 0            ;
+------------------------------+-------+---------------+-------------+--------+------------+------------+----------+--------------+


+-----------------------------------------------------------------------------------------------------------------------------------------------------+
; Timing Analyzer Settings                                                                                                                            ;
+------------------------------------------------------------------------------------------------------+--------------------+------+----+-------------+
; Option                                                                                               ; Setting            ; From ; To ; Entity Name ;
+------------------------------------------------------------------------------------------------------+--------------------+------+----+-------------+
; Device Name                                                                                          ; EP2C70F896C6       ;      ;    ;             ;
; Timing Models                                                                                        ; Final              ;      ;    ;             ;
; Default hold multicycle                                                                              ; Same as Multicycle ;      ;    ;             ;
; Cut paths between unrelated clock domains                                                            ; On                 ;      ;    ;             ;
; Cut off read during write signal paths                                                               ; On                 ;      ;    ;             ;
; Cut off feedback from I/O pins                                                                       ; On                 ;      ;    ;             ;
; Report Combined Fast/Slow Timing                                                                     ; Off                ;      ;    ;             ;
; Ignore Clock Settings                                                                                ; Off                ;      ;    ;             ;
; Analyze latches as synchronous elements                                                              ; On                 ;      ;    ;             ;
; Enable Recovery/Removal analysis                                                                     ; Off                ;      ;    ;             ;
; Enable Clock Latency                                                                                 ; Off                ;      ;    ;             ;
; Use TimeQuest Timing Analyzer                                                                        ; Off                ;      ;    ;             ;
; Minimum Core Junction Temperature                                                                    ; 0                  ;      ;    ;             ;
; Maximum Core Junction Temperature                                                                    ; 85                 ;      ;    ;             ;
; Number of source nodes to report per destination node                                                ; 10                 ;      ;    ;             ;
; Number of destination nodes to report                                                                ; 10                 ;      ;    ;             ;
; Number of paths to report                                                                            ; 200                ;      ;    ;             ;
; Report Minimum Timing Checks                                                                         ; Off                ;      ;    ;             ;
; Use Fast Timing Models                                                                               ; Off                ;      ;    ;             ;
; Report IO Paths Separately                                                                           ; Off                ;      ;    ;             ;
; Perform Multicorner Analysis                                                                         ; On                 ;      ;    ;             ;
; Reports the worst-case path for each clock domain and analysis                                       ; Off                ;      ;    ;             ;
; Reports worst-case timing paths for each clock domain and analysis                                   ; On                 ;      ;    ;             ;
; Specifies the maximum number of worst-case timing paths to report for each clock domain and analysis ; 100                ;      ;    ;             ;
; Removes common clock path pessimism (CCPP) during slack computation                                  ; Off                ;      ;    ;             ;
; Output I/O Timing Endpoint                                                                           ; Near End           ;      ;    ;             ;
+------------------------------------------------------------------------------------------------------+--------------------+------+----+-------------+


Parallel compilation was disabled, but you have multiple processors available. Enable parallel compilation to reduce compilation time.
+-------------------------------------+
; Parallel Compilation                ;
+----------------------------+--------+
; Processors                 ; Number ;
+----------------------------+--------+
; Number detected on machine ; 2      ;
; Maximum allowed            ; 1      ;
+----------------------------+--------+


+-------------------------------------------------------------------+
; tpd                                                               ;
+-------+-------------------+-----------------+--------+------------+
; Slack ; Required P2P Time ; Actual P2P Time ; From   ; To         ;
+-------+-------------------+-----------------+--------+------------+
; N/A   ; None              ; 14.252 ns       ; bcd[2] ; segment[5] ;
; N/A   ; None              ; 14.159 ns       ; bcd[2] ; segment[2] ;
; N/A   ; None              ; 13.225 ns       ; bcd[2] ; segment[1] ;
; N/A   ; None              ; 13.061 ns       ; bcd[3] ; segment[5] ;
; N/A   ; None              ; 12.977 ns       ; bcd[3] ; segment[2] ;
; N/A   ; None              ; 12.035 ns       ; bcd[3] ; segment[1] ;
; N/A   ; None              ; 10.985 ns       ; bcd[2] ; segment[4] ;
; N/A   ; None              ; 10.965 ns       ; bcd[2] ; segment[3] ;
; N/A   ; None              ; 10.789 ns       ; bcd[2] ; segment[0] ;
; N/A   ; None              ; 10.745 ns       ; bcd[2] ; segment[6] ;
; N/A   ; None              ; 9.794 ns        ; bcd[3] ; segment[4] ;
; N/A   ; None              ; 9.775 ns        ; bcd[3] ; segment[3] ;
; N/A   ; None              ; 9.713 ns        ; bcd[0] ; segment[5] ;
; N/A   ; None              ; 9.620 ns        ; bcd[0] ; segment[2] ;
; N/A   ; None              ; 9.598 ns        ; bcd[3] ; segment[0] ;
; N/A   ; None              ; 9.554 ns        ; bcd[3] ; segment[6] ;
; N/A   ; None              ; 9.537 ns        ; bcd[1] ; segment[5] ;
; N/A   ; None              ; 9.445 ns        ; bcd[1] ; segment[2] ;
; N/A   ; None              ; 8.687 ns        ; bcd[0] ; segment[1] ;
; N/A   ; None              ; 8.511 ns        ; bcd[1] ; segment[1] ;
; N/A   ; None              ; 6.446 ns        ; bcd[0] ; segment[4] ;
; N/A   ; None              ; 6.427 ns        ; bcd[0] ; segment[3] ;
; N/A   ; None              ; 6.270 ns        ; bcd[1] ; segment[4] ;
; N/A   ; None              ; 6.251 ns        ; bcd[1] ; segment[3] ;
; N/A   ; None              ; 6.251 ns        ; bcd[0] ; segment[0] ;
; N/A   ; None              ; 6.206 ns        ; bcd[0] ; segment[6] ;
; N/A   ; None              ; 6.075 ns        ; bcd[1] ; segment[0] ;
; N/A   ; None              ; 6.031 ns        ; bcd[1] ; segment[6] ;
+-------+-------------------+-----------------+--------+------------+


+--------------------------+
; Timing Analyzer Messages ;
+--------------------------+
Info: *******************************************************************
Info: Running Quartus II Classic Timing Analyzer
    Info: Version 9.1 Build 222 10/21/2009 SJ Web Edition
    Info: Processing started: Wed Sep 20 08:22:29 2017
Info: Command: quartus_tan --read_settings_files=off --write_settings_files=off bcd_7segment -c bcd_7segment --timing_analysis_only
Info: Longest tpd from source pin "bcd[2]" to destination pin "segment[5]" is 14.252 ns
    Info: 1: + IC(0.000 ns) + CELL(0.840 ns) = 0.840 ns; Loc. = PIN_AG12; Fanout = 7; PIN Node = 'bcd[2]'
    Info: 2: + IC(6.381 ns) + CELL(0.150 ns) = 7.371 ns; Loc. = LCCOMB_X36_Y48_N2; Fanout = 1; COMB Node = 'WideOr1~0'
    Info: 3: + IC(4.123 ns) + CELL(2.758 ns) = 14.252 ns; Loc. = PIN_AB13; Fanout = 0; PIN Node = 'segment[5]'
    Info: Total cell delay = 3.748 ns ( 26.30 % )
    Info: Total interconnect delay = 10.504 ns ( 73.70 % )
Info: Quartus II Classic Timing Analyzer was successful. 0 errors, 0 warnings
    Info: Peak virtual memory: 197 megabytes
    Info: Processing ended: Wed Sep 20 08:22:29 2017
    Info: Elapsed time: 00:00:00
    Info: Total CPU time (on all processors): 00:00:00


