Flow report for multiplier_4bit
Thu Oct 26 05:06:14 2017
Quartus II Version 9.1 Build 222 10/21/2009 SJ Web Edition


---------------------
; Table of Contents ;
---------------------
  1. Legal Notice
  2. Flow Summary
  3. Flow Settings
  4. Flow Non-Default Global Settings
  5. Flow Elapsed Time
  6. Flow OS Summary
  7. Flow Log



----------------
; Legal Notice ;
----------------
Copyright (C) 1991-2009 Altera Corporation
Your use of Altera Corporation's design tools, logic functions 
and other software and tools, and its AMPP partner logic 
functions, and any output files from any of the foregoing 
(including device programming or simulation files), and any 
associated documentation or information are expressly subject 
to the terms and conditions of the Altera Program License 
Subscription Agreement, Altera MegaCore Function License 
Agreement, or other applicable license agreement, including, 
without limitation, that your use is for the sole purpose of 
programming logic devices manufactured by Altera and sold by 
Altera or its authorized distributors.  Please refer to the 
applicable agreement for further details.



+-------------------------------------------------------------------------+
; Flow Summary                                                            ;
+-------------------------------+-----------------------------------------+
; Flow Status                   ; Successful - Thu Oct 26 05:06:14 2017   ;
; Quartus II Version            ; 9.1 Build 222 10/21/2009 SJ Web Edition ;
; Revision Name                 ; multiplier_4bit                         ;
; Top-level Entity Name         ; multiplier_4bit                         ;
; Family                        ; Stratix II                              ;
; Met timing requirements       ; Yes                                     ;
; Logic utilization             ; 1 %                                     ;
;     Combinational ALUTs       ; 132 / 12,480 ( 1 % )                    ;
;     Dedicated logic registers ; 61 / 12,480 ( < 1 % )                   ;
; Total registers               ; 61                                      ;
; Total pins                    ; 67 / 343 ( 20 % )                       ;
; Total virtual pins            ; 0                                       ;
; Total block memory bits       ; 0 / 419,328 ( 0 % )                     ;
; DSP block 9-bit elements      ; 0 / 96 ( 0 % )                          ;
; Total PLLs                    ; 0 / 6 ( 0 % )                           ;
; Total DLLs                    ; 0 / 2 ( 0 % )                           ;
; Device                        ; EP2S15F484C3                            ;
; Timing Models                 ; Final                                   ;
+-------------------------------+-----------------------------------------+


+-----------------------------------------+
; Flow Settings                           ;
+-------------------+---------------------+
; Option            ; Setting             ;
+-------------------+---------------------+
; Start date & time ; 10/26/2017 05:06:02 ;
; Main task         ; Compilation         ;
; Revision Name     ; multiplier_4bit     ;
+-------------------+---------------------+


+--------------------------------------------------------------------------------------------------------------------------+
; Flow Non-Default Global Settings                                                                                         ;
+--------------------------------------+--------------------------------+---------------+-------------+--------------------+
; Assignment Name                      ; Value                          ; Default Value ; Entity Name ; Section Id         ;
+--------------------------------------+--------------------------------+---------------+-------------+--------------------+
; COMPILER_SIGNATURE_ID                ; 31032332267146.150896196212392 ; --            ; --          ; --                 ;
; EDA_DESIGN_INSTANCE_NAME             ; tb_multiplier_4bit             ; --            ; --          ; tb_multiplier_4bit ;
; EDA_NATIVELINK_SIMULATION_TEST_BENCH ; tb_multiplier_4bit             ; --            ; --          ; eda_simulation     ;
; EDA_OUTPUT_DATA_FORMAT               ; Verilog Hdl                    ; --            ; --          ; eda_simulation     ;
; EDA_SIMULATION_TOOL                  ; ModelSim (Verilog)             ; <None>        ; --          ; --                 ;
; EDA_TEST_BENCH_ENABLE_STATUS         ; TEST_BENCH_MODE                ; --            ; --          ; eda_simulation     ;
; EDA_TEST_BENCH_FILE                  ; tb_multiplier_4bit.v           ; --            ; --          ; tb_multiplier_4bit ;
; EDA_TEST_BENCH_MODULE_NAME           ; tb_multiplier_4bit             ; --            ; --          ; tb_multiplier_4bit ;
; EDA_TEST_BENCH_NAME                  ; tb_multiplier_4bit             ; --            ; --          ; eda_simulation     ;
; EDA_TEST_BENCH_RUN_SIM_FOR           ; 0 ms                           ; --            ; --          ; tb_multiplier_4bit ;
; EDA_TIME_SCALE                       ; 1 ps                           ; --            ; --          ; eda_simulation     ;
; PARTITION_COLOR                      ; 16764057                       ; --            ; --          ; Top                ;
; PARTITION_NETLIST_TYPE               ; SOURCE                         ; --            ; --          ; Top                ;
; USE_GENERATED_PHYSICAL_CONSTRAINTS   ; Off                            ; --            ; --          ; eda_blast_fpga     ;
+--------------------------------------+--------------------------------+---------------+-------------+--------------------+


+-----------------------------------------------------------------------------------------------------------------------------+
; Flow Elapsed Time                                                                                                           ;
+-------------------------+--------------+-------------------------+---------------------+------------------------------------+
; Module Name             ; Elapsed Time ; Average Processors Used ; Peak Virtual Memory ; Total CPU Time (on all processors) ;
+-------------------------+--------------+-------------------------+---------------------+------------------------------------+
; Analysis & Synthesis    ; 00:00:02     ; 1.0                     ; 241 MB              ; 00:00:02                           ;
; Fitter                  ; 00:00:04     ; 1.0                     ; 283 MB              ; 00:00:04                           ;
; Assembler               ; 00:00:02     ; 1.0                     ; 250 MB              ; 00:00:02                           ;
; Classic Timing Analyzer ; 00:00:00     ; 1.0                     ; 180 MB              ; 00:00:00                           ;
; EDA Netlist Writer      ; 00:00:01     ; 1.0                     ; 193 MB              ; 00:00:01                           ;
; Total                   ; 00:00:09     ; --                      ; --                  ; 00:00:09                           ;
+-------------------------+--------------+-------------------------+---------------------+------------------------------------+


+------------------------------------------------------------------------------------------+
; Flow OS Summary                                                                          ;
+-------------------------+------------------+---------------+------------+----------------+
; Module Name             ; Machine Hostname ; OS Name       ; OS Version ; Processor type ;
+-------------------------+------------------+---------------+------------+----------------+
; Analysis & Synthesis    ; Charles-laptop   ; Windows Vista ; 6.2        ; x86_64         ;
; Fitter                  ; Charles-laptop   ; Windows Vista ; 6.2        ; x86_64         ;
; Assembler               ; Charles-laptop   ; Windows Vista ; 6.2        ; x86_64         ;
; Classic Timing Analyzer ; Charles-laptop   ; Windows Vista ; 6.2        ; x86_64         ;
; EDA Netlist Writer      ; Charles-laptop   ; Windows Vista ; 6.2        ; x86_64         ;
+-------------------------+------------------+---------------+------------+----------------+


------------
; Flow Log ;
------------
quartus_map --read_settings_files=on --write_settings_files=off multiplier_4bit -c multiplier_4bit
quartus_fit --read_settings_files=off --write_settings_files=off multiplier_4bit -c multiplier_4bit
quartus_asm --read_settings_files=off --write_settings_files=off multiplier_4bit -c multiplier_4bit
quartus_tan --read_settings_files=off --write_settings_files=off multiplier_4bit -c multiplier_4bit --timing_analysis_only
quartus_eda --read_settings_files=off --write_settings_files=off multiplier_4bit -c multiplier_4bit



